#
# There is insufficient memory for the Java Runtime Environment to continue.
# Native memory allocation (malloc) failed to allocate 560336 bytes for Chunk::new
# Possible reasons:
#   The system is out of physical RAM or swap space
#   The process is running with CompressedOops enabled, and the Java Heap may be blocking the growth of the native heap
# Possible solutions:
#   Reduce memory load on the system
#   Increase physical memory or swap space
#   Check if swap backing store is full
#   Decrease Java heap size (-Xmx/-Xms)
#   Decrease number of Java threads
#   Decrease Java thread stack sizes (-Xss)
#   Set larger code cache with -XX:ReservedCodeCacheSize=
#   JVM is running with Unscaled Compressed Oops mode in which the Java heap is
#     placed in the first 4GB address space. The Java Heap base address is the
#     maximum limit for the native heap growth. Please use -XX:HeapBaseMinAddress
#     to set the Java Heap base and to place the Java Heap above 4GB virtual address.
# This output file may be truncated or incomplete.
#
#  Out of Memory Error (./src/hotspot/share/memory/arena.cpp:197), pid=19488, tid=39664
#
# JRE version: OpenJDK Runtime Environment (11.0.10) (build 11.0.10+0-b96-7249189)
# Java VM: OpenJDK 64-Bit Server VM (11.0.10+0-b96-7249189, mixed mode, tiered, compressed oops, g1 gc, windows-amd64)
# No core dump will be written. Minidumps are not enabled by default on client versions of Windows
#

---------------  S U M M A R Y ------------

Command Line: --add-opens=java.base/java.util=ALL-UNNAMED --add-opens=java.base/java.lang=ALL-UNNAMED --add-opens=java.base/java.lang.invoke=ALL-UNNAMED --add-opens=java.base/java.util=ALL-UNNAMED --add-opens=java.prefs/java.util.prefs=ALL-UNNAMED --add-opens=java.prefs/java.util.prefs=ALL-UNNAMED --add-opens=java.base/java.nio.charset=ALL-UNNAMED --add-opens=java.base/java.net=ALL-UNNAMED --add-opens=java.base/java.util.concurrent.atomic=ALL-UNNAMED -Xmx2048m -Dfile.encoding=UTF-8 -Duser.country=CN -Duser.language=zh -Duser.variant org.gradle.launcher.daemon.bootstrap.GradleDaemon 7.0.2

Host: Intel(R) Core(TM) i7-10875H CPU @ 2.30GHz, 16 cores, 15G,  Windows 10 , 64 bit Build 19041 (10.0.19041.1466)
Time: Tue Feb 15 12:32:57 2022 中国标准时间 elapsed time: 6.091009 seconds (0d 0h 0m 6s)

---------------  T H R E A D  ---------------

Current thread (0x00000174d7975800):  JavaThread "C2 CompilerThread0" daemon [_thread_in_native, id=39664, stack(0x0000004ef5500000,0x0000004ef5600000)]


Current CompileTask:
C2:   6091 6033       4       org.gradle.internal.reflect.MethodSet::add (50 bytes)

Stack: [0x0000004ef5500000,0x0000004ef5600000]
Native frames: (J=compiled Java code, j=interpreted, Vv=VM code, C=native code)
V  [jvm.dll+0x5ecfaa]
V  [jvm.dll+0x722bd5]
V  [jvm.dll+0x72412d]
V  [jvm.dll+0x7247e3]
V  [jvm.dll+0x242928]
V  [jvm.dll+0xbc4fc]
V  [jvm.dll+0xbca0c]
V  [jvm.dll+0x352d7d]
V  [jvm.dll+0x197e0c]
V  [jvm.dll+0x1fb70e]
V  [jvm.dll+0x1fa7f4]
V  [jvm.dll+0x18354c]
V  [jvm.dll+0x208ee7]
V  [jvm.dll+0x207731]
V  [jvm.dll+0x6eb1cf]
V  [jvm.dll+0x6e3d45]
V  [jvm.dll+0x5ebe96]
C  [ucrtbase.dll+0x21bb2]
C  [KERNEL32.DLL+0x17034]
C  [ntdll.dll+0x52651]


---------------  P R O C E S S  ---------------

Threads class SMR info:
_java_thread_list=0x00000174dec549c0, length=70, elements={
0x00000174ba14e800, 0x00000174d78f2000, 0x00000174d78ff800, 0x00000174d796b800,
0x00000174d796d000, 0x00000174d796e000, 0x00000174d7975800, 0x00000174d7977800,
0x00000174d797c800, 0x00000174d7afb800, 0x00000174d7b00000, 0x00000174d8ade800,
0x00000174d8a78000, 0x00000174d919c000, 0x00000174d8cbe000, 0x00000174dadc1800,
0x00000174dacdb000, 0x00000174dacdc000, 0x00000174dac67800, 0x00000174dac68000,
0x00000174dac69800, 0x00000174d9ee5800, 0x00000174da222800, 0x00000174da223000,
0x00000174da21d800, 0x00000174da21f000, 0x00000174da224000, 0x00000174da21e800,
0x00000174da220000, 0x00000174da220800, 0x00000174da221800, 0x00000174db615000,
0x00000174db614000, 0x00000174db616800, 0x00000174db611000, 0x00000174db617800,
0x00000174db618000, 0x00000174db619000, 0x00000174db61e000, 0x00000174db61f800,
0x00000174db61c800, 0x00000174db61b800, 0x00000174db61a000, 0x00000174db61e800,
0x00000174db61a800, 0x00000174db61d000, 0x00000174db47f800, 0x00000174db483800,
0x00000174db47e000, 0x00000174db47f000, 0x00000174db484800, 0x00000174db483000,
0x00000174db481000, 0x00000174db485800, 0x00000174db480800, 0x00000174db486000,
0x00000174db487000, 0x00000174db482000, 0x00000174db489800, 0x00000174db48a000,
0x00000174db48b000, 0x00000174db48c000, 0x00000174db48c800, 0x00000174db488000,
0x00000174db488800, 0x00000174dee21000, 0x00000174dee1d000, 0x00000174dee1e000,
0x00000174dff35000, 0x00000174d9078000
}

Java Threads: ( => current thread )
  0x00000174ba14e800 JavaThread "main" [_thread_blocked, id=62556, stack(0x0000004ef4900000,0x0000004ef4a00000)]
  0x00000174d78f2000 JavaThread "Reference Handler" daemon [_thread_blocked, id=65300, stack(0x0000004ef5000000,0x0000004ef5100000)]
  0x00000174d78ff800 JavaThread "Finalizer" daemon [_thread_blocked, id=48412, stack(0x0000004ef5100000,0x0000004ef5200000)]
  0x00000174d796b800 JavaThread "Signal Dispatcher" daemon [_thread_blocked, id=10776, stack(0x0000004ef5200000,0x0000004ef5300000)]
  0x00000174d796d000 JavaThread "Attach Listener" daemon [_thread_blocked, id=47600, stack(0x0000004ef5300000,0x0000004ef5400000)]
  0x00000174d796e000 JavaThread "Service Thread" daemon [_thread_blocked, id=69916, stack(0x0000004ef5400000,0x0000004ef5500000)]
=>0x00000174d7975800 JavaThread "C2 CompilerThread0" daemon [_thread_in_native, id=39664, stack(0x0000004ef5500000,0x0000004ef5600000)]
  0x00000174d7977800 JavaThread "C1 CompilerThread0" daemon [_thread_blocked, id=30960, stack(0x0000004ef5600000,0x0000004ef5700000)]
  0x00000174d797c800 JavaThread "Sweeper thread" daemon [_thread_blocked, id=64352, stack(0x0000004ef5700000,0x0000004ef5800000)]
  0x00000174d7afb800 JavaThread "Common-Cleaner" daemon [_thread_blocked, id=63948, stack(0x0000004ef5800000,0x0000004ef5900000)]
  0x00000174d7b00000 JavaThread "C1 CompilerThread1" daemon [_thread_blocked, id=67232, stack(0x0000004ef5900000,0x0000004ef5a00000)]
  0x00000174d8ade800 JavaThread "C1 CompilerThread2" daemon [_thread_blocked, id=31380, stack(0x0000004ef5c00000,0x0000004ef5d00000)]
  0x00000174d8a78000 JavaThread "C1 CompilerThread3" daemon [_thread_blocked, id=32564, stack(0x0000004ef6300000,0x0000004ef6400000)]
  0x00000174d919c000 JavaThread "Daemon health stats" [_thread_blocked, id=49604, stack(0x0000004ef6400000,0x0000004ef6500000)]
  0x00000174d8cbe000 JavaThread "Incoming local TCP Connector on port 58925" [_thread_in_native, id=54064, stack(0x0000004ef5b00000,0x0000004ef5c00000)]
  0x00000174dadc1800 JavaThread "Daemon periodic checks" [_thread_blocked, id=63256, stack(0x0000004ef6200000,0x0000004ef6300000)]
  0x00000174dacdb000 JavaThread "Daemon" [_thread_blocked, id=56228, stack(0x0000004ef6500000,0x0000004ef6600000)]
  0x00000174dacdc000 JavaThread "Handler for socket connection from /127.0.0.1:58925 to /127.0.0.1:58926" [_thread_in_native, id=70408, stack(0x0000004ef6600000,0x0000004ef6700000)]
  0x00000174dac67800 JavaThread "Cancel handler" [_thread_blocked, id=61420, stack(0x0000004ef6800000,0x0000004ef6900000)]
  0x00000174dac68000 JavaThread "Daemon worker" [_thread_in_vm, id=69420, stack(0x0000004ef6900000,0x0000004ef6a00000)]
  0x00000174dac69800 JavaThread "Asynchronous log dispatcher for DefaultDaemonConnection: socket connection from /127.0.0.1:58925 to /127.0.0.1:58926" [_thread_blocked, id=64276, stack(0x0000004ef6a00000,0x0000004ef6b00000)]
  0x00000174d9ee5800 JavaThread "Stdin handler" [_thread_blocked, id=66704, stack(0x0000004ef6b00000,0x0000004ef6c00000)]
  0x00000174da222800 JavaThread "Daemon client event forwarder" [_thread_blocked, id=60356, stack(0x0000004ef6c00000,0x0000004ef6d00000)]
  0x00000174da223000 JavaThread "Cache worker for file hash cache (C:\Users\www88\.gradle\caches\7.0.2\fileHashes)" [_thread_blocked, id=67388, stack(0x0000004ef6d00000,0x0000004ef6e00000)]
  0x00000174da21d800 JavaThread "File lock request listener" [_thread_in_native, id=50592, stack(0x0000004ef6e00000,0x0000004ef6f00000)]
  0x00000174da21f000 JavaThread "Cache worker for journal cache (C:\Users\www88\.gradle\caches\journal-1)" [_thread_blocked, id=45732, stack(0x0000004ef7800000,0x0000004ef7900000)]
  0x00000174da224000 JavaThread "Cache worker for file hash cache (D:\Android_Application\HelloWorld\.gradle\7.0.2\fileHashes)" [_thread_blocked, id=61712, stack(0x0000004ef7900000,0x0000004ef7a00000)]
  0x00000174da21e800 JavaThread "File watcher server" daemon [_thread_in_native, id=65884, stack(0x0000004ef7a00000,0x0000004ef7b00000)]
  0x00000174da220000 JavaThread "File watcher consumer" daemon [_thread_blocked, id=44232, stack(0x0000004ef7b00000,0x0000004ef7c00000)]
  0x00000174da220800 JavaThread "Cache worker for checksums cache (D:\Android_Application\HelloWorld\.gradle\checksums)" [_thread_blocked, id=63484, stack(0x0000004ef7d00000,0x0000004ef7e00000)]
  0x00000174da221800 JavaThread "Cache worker for cache directory md-supplier (C:\Users\www88\.gradle\caches\7.0.2\md-supplier)" [_thread_blocked, id=55756, stack(0x0000004ef7e00000,0x0000004ef7f00000)]
  0x00000174db615000 JavaThread "Cache worker for cache directory md-rule (C:\Users\www88\.gradle\caches\7.0.2\md-rule)" [_thread_blocked, id=8172, stack(0x0000004ef7f00000,0x0000004ef8000000)]
  0x00000174db614000 JavaThread "Cache worker for execution history cache (C:\Users\www88\.gradle\caches\7.0.2\executionHistory)" [_thread_blocked, id=67108, stack(0x0000004ef8000000,0x0000004ef8100000)]
  0x00000174db616800 JavaThread "jar transforms" [_thread_blocked, id=46384, stack(0x0000004ef8400000,0x0000004ef8500000)]
  0x00000174db611000 JavaThread "jar transforms Thread 2" [_thread_blocked, id=15136, stack(0x0000004ef8500000,0x0000004ef8600000)]
  0x00000174db617800 JavaThread "Cache worker for file content cache (C:\Users\www88\.gradle\caches\7.0.2\fileContent)" [_thread_blocked, id=64544, stack(0x0000004ef8600000,0x0000004ef8700000)]
  0x00000174db618000 JavaThread "Cache worker for dependencies-accessors (D:\Android_Application\HelloWorld\.gradle\7.0.2\dependencies-accessors)" [_thread_blocked, id=15920, stack(0x0000004ef8700000,0x0000004ef8800000)]
  0x00000174db619000 JavaThread "jar transforms Thread 3" [_thread_blocked, id=70300, stack(0x0000004ef8300000,0x0000004ef8400000)]
  0x00000174db61e000 JavaThread "Cache worker for Build Output Cleanup Cache (D:\Android_Application\HelloWorld\.gradle\buildOutputCleanup)" [_thread_blocked, id=32500, stack(0x0000004ef8800000,0x0000004ef8900000)]
  0x00000174db61f800 JavaThread "Build operations" [_thread_blocked, id=69644, stack(0x0000004ef8200000,0x0000004ef8300000)]
  0x00000174db61c800 JavaThread "Build operations Thread 2" [_thread_blocked, id=11244, stack(0x0000004ef8900000,0x0000004ef8a00000)]
  0x00000174db61b800 JavaThread "Build operations Thread 3" [_thread_blocked, id=66140, stack(0x0000004ef8a00000,0x0000004ef8b00000)]
  0x00000174db61a000 JavaThread "Build operations Thread 4" [_thread_blocked, id=70468, stack(0x0000004ef8b00000,0x0000004ef8c00000)]
  0x00000174db61e800 JavaThread "Build operations Thread 5" [_thread_blocked, id=70264, stack(0x0000004ef8c00000,0x0000004ef8d00000)]
  0x00000174db61a800 JavaThread "Build operations Thread 6" [_thread_blocked, id=63916, stack(0x0000004ef8d00000,0x0000004ef8e00000)]
  0x00000174db61d000 JavaThread "Build operations Thread 7" [_thread_blocked, id=65480, stack(0x0000004ef8e00000,0x0000004ef8f00000)]
  0x00000174db47f800 JavaThread "Build operations Thread 8" [_thread_blocked, id=70024, stack(0x0000004ef8f00000,0x0000004ef9000000)]
  0x00000174db483800 JavaThread "Build operations Thread 9" [_thread_blocked, id=65428, stack(0x0000004ef9000000,0x0000004ef9100000)]
  0x00000174db47e000 JavaThread "Build operations Thread 10" [_thread_blocked, id=48060, stack(0x0000004ef9100000,0x0000004ef9200000)]
  0x00000174db47f000 JavaThread "Build operations Thread 11" [_thread_blocked, id=43240, stack(0x0000004ef9200000,0x0000004ef9300000)]
  0x00000174db484800 JavaThread "Build operations Thread 12" [_thread_blocked, id=50908, stack(0x0000004ef9300000,0x0000004ef9400000)]
  0x00000174db483000 JavaThread "Build operations Thread 13" [_thread_blocked, id=66024, stack(0x0000004ef9400000,0x0000004ef9500000)]
  0x00000174db481000 JavaThread "Build operations Thread 14" [_thread_blocked, id=27528, stack(0x0000004ef9500000,0x0000004ef9600000)]
  0x00000174db485800 JavaThread "Build operations Thread 15" [_thread_blocked, id=55112, stack(0x0000004ef9600000,0x0000004ef9700000)]
  0x00000174db480800 JavaThread "Build operations Thread 16" [_thread_blocked, id=69104, stack(0x0000004ef9700000,0x0000004ef9800000)]
  0x00000174db486000 JavaThread "jar transforms Thread 4" [_thread_blocked, id=28912, stack(0x0000004ef9800000,0x0000004ef9900000)]
  0x00000174db487000 JavaThread "jar transforms Thread 5" [_thread_blocked, id=67492, stack(0x0000004ef9900000,0x0000004ef9a00000)]
  0x00000174db482000 JavaThread "jar transforms Thread 6" [_thread_blocked, id=68920, stack(0x0000004ef9a00000,0x0000004ef9b00000)]
  0x00000174db489800 JavaThread "jar transforms Thread 7" [_thread_blocked, id=70276, stack(0x0000004ef9b00000,0x0000004ef9c00000)]
  0x00000174db48a000 JavaThread "jar transforms Thread 8" [_thread_blocked, id=69696, stack(0x0000004ef9c00000,0x0000004ef9d00000)]
  0x00000174db48b000 JavaThread "jar transforms Thread 9" [_thread_blocked, id=24492, stack(0x0000004ef9d00000,0x0000004ef9e00000)]
  0x00000174db48c000 JavaThread "jar transforms Thread 10" [_thread_blocked, id=70528, stack(0x0000004ef9e00000,0x0000004ef9f00000)]
  0x00000174db48c800 JavaThread "jar transforms Thread 11" [_thread_blocked, id=49752, stack(0x0000004ef9f00000,0x0000004efa000000)]
  0x00000174db488000 JavaThread "jar transforms Thread 12" [_thread_blocked, id=62788, stack(0x0000004efa000000,0x0000004efa100000)]
  0x00000174db488800 JavaThread "jar transforms Thread 13" [_thread_blocked, id=61424, stack(0x0000004efa100000,0x0000004efa200000)]
  0x00000174dee21000 JavaThread "jar transforms Thread 14" [_thread_blocked, id=65052, stack(0x0000004efa200000,0x0000004efa300000)]
  0x00000174dee1d000 JavaThread "jar transforms Thread 15" [_thread_blocked, id=67820, stack(0x0000004efa300000,0x0000004efa400000)]
  0x00000174dee1e000 JavaThread "jar transforms Thread 16" [_thread_blocked, id=52440, stack(0x0000004efa400000,0x0000004efa500000)]
  0x00000174dff35000 JavaThread "C2 CompilerThread1" daemon [_thread_blocked, id=70252, stack(0x0000004ef6700000,0x0000004ef6800000)]
  0x00000174d9078000 JavaThread "C2 CompilerThread2" daemon [_thread_blocked, id=70296, stack(0x0000004ef7c00000,0x0000004ef7d00000)]

Other Threads:
  0x00000174d78f0000 VMThread "VM Thread" [stack: 0x0000004ef4f00000,0x0000004ef5000000] [id=66212]
  0x00000174d7b4e000 WatcherThread [stack: 0x0000004ef5a00000,0x0000004ef5b00000] [id=70320]
  0x00000174ba167800 GCTaskThread "GC Thread#0" [stack: 0x0000004ef4a00000,0x0000004ef4b00000] [id=70216]
  0x00000174d87d9800 GCTaskThread "GC Thread#1" [stack: 0x0000004ef5d00000,0x0000004ef5e00000] [id=68392]
  0x00000174d8c6d800 GCTaskThread "GC Thread#2" [stack: 0x0000004ef5e00000,0x0000004ef5f00000] [id=38384]
  0x00000174d8882800 GCTaskThread "GC Thread#3" [stack: 0x0000004ef5f00000,0x0000004ef6000000] [id=62540]
  0x00000174d84f7800 GCTaskThread "GC Thread#4" [stack: 0x0000004ef6000000,0x0000004ef6100000] [id=31040]
  0x00000174d866f000 GCTaskThread "GC Thread#5" [stack: 0x0000004ef6100000,0x0000004ef6200000] [id=13364]
  0x00000174d9fce000 GCTaskThread "GC Thread#6" [stack: 0x0000004ef6f00000,0x0000004ef7000000] [id=64196]
  0x00000174da1fb800 GCTaskThread "GC Thread#7" [stack: 0x0000004ef7000000,0x0000004ef7100000] [id=66592]
  0x00000174da1fc800 GCTaskThread "GC Thread#8" [stack: 0x0000004ef7100000,0x0000004ef7200000] [id=67296]
  0x00000174d9ca4800 GCTaskThread "GC Thread#9" [stack: 0x0000004ef7200000,0x0000004ef7300000] [id=70392]
  0x00000174d9ca5800 GCTaskThread "GC Thread#10" [stack: 0x0000004ef7300000,0x0000004ef7400000] [id=69548]
  0x00000174d9efc800 GCTaskThread "GC Thread#11" [stack: 0x0000004ef7400000,0x0000004ef7500000] [id=28184]
  0x00000174d9efd800 GCTaskThread "GC Thread#12" [stack: 0x0000004ef7500000,0x0000004ef7600000] [id=52380]
  0x00000174ba19c000 ConcurrentGCThread "G1 Main Marker" [stack: 0x0000004ef4b00000,0x0000004ef4c00000] [id=63788]
  0x00000174ba19d000 ConcurrentGCThread "G1 Conc#0" [stack: 0x0000004ef4c00000,0x0000004ef4d00000] [id=69624]
  0x00000174dac36800 ConcurrentGCThread "G1 Conc#1" [stack: 0x0000004ef7600000,0x0000004ef7700000] [id=66172]
  0x00000174d9df8800 ConcurrentGCThread "G1 Conc#2" [stack: 0x0000004ef7700000,0x0000004ef7800000] [id=63940]
  0x00000174ba22e000 ConcurrentGCThread "G1 Refine#0" [stack: 0x0000004ef4d00000,0x0000004ef4e00000] [id=58564]
  0x00000174d6f40800 ConcurrentGCThread "G1 Young RemSet Sampling" [stack: 0x0000004ef4e00000,0x0000004ef4f00000] [id=70168]

Threads with active compile tasks:
C2 CompilerThread0   6125 6033       4       org.gradle.internal.reflect.MethodSet::add (50 bytes)

VM state:not at safepoint (normal execution)

VM Mutex/Monitor currently owned by a thread: None

Heap address: 0x0000000080000000, size: 2048 MB, Compressed Oops mode: 32-bit
Narrow klass base: 0x0000000000000000, Narrow klass shift: 3
Compressed class space size: 1073741824 Address: 0x0000000100000000

Heap:
 garbage-first heap   total 260096K, used 144819K [0x0000000080000000, 0x0000000100000000)
  region size 1024K, 124 young (126976K), 13 survivors (13312K)
 Metaspace       used 54630K, capacity 56090K, committed 56316K, reserved 1097728K
  class space    used 6904K, capacity 7470K, committed 7552K, reserved 1048576K
Heap Regions: E=young(eden), S=young(survivor), O=old, HS=humongous(starts), HC=humongous(continues), CS=collection set, F=free, A=archive, TAMS=top-at-mark-start (previous, next)
|   0|0x0000000080000000, 0x0000000080100000, 0x0000000080100000|100%| O|  |TAMS 0x0000000080100000, 0x0000000080000000| Untracked 
|   1|0x0000000080100000, 0x0000000080200000, 0x0000000080200000|100%| O|  |TAMS 0x0000000080200000, 0x0000000080100000| Untracked 
|   2|0x0000000080200000, 0x0000000080300000, 0x0000000080300000|100%| O|  |TAMS 0x0000000080300000, 0x0000000080200000| Untracked 
|   3|0x0000000080300000, 0x0000000080400000, 0x0000000080400000|100%|HS|  |TAMS 0x0000000080400000, 0x0000000080300000| Complete 
|   4|0x0000000080400000, 0x0000000080500000, 0x0000000080500000|100%|HC|  |TAMS 0x0000000080500000, 0x0000000080400000| Complete 
|   5|0x0000000080500000, 0x0000000080600000, 0x0000000080600000|100%|HC|  |TAMS 0x0000000080600000, 0x0000000080500000| Complete 
|   6|0x0000000080600000, 0x0000000080700000, 0x0000000080700000|100%| O|  |TAMS 0x0000000080700000, 0x0000000080600000| Untracked 
|   7|0x0000000080700000, 0x0000000080800000, 0x0000000080800000|100%| O|  |TAMS 0x0000000080800000, 0x0000000080700000| Untracked 
|   8|0x0000000080800000, 0x0000000080900000, 0x0000000080900000|100%| O|  |TAMS 0x0000000080900000, 0x0000000080800000| Untracked 
|   9|0x0000000080900000, 0x0000000080a00000, 0x0000000080a00000|100%| O|  |TAMS 0x0000000080a00000, 0x0000000080900000| Untracked 
|  10|0x0000000080a00000, 0x0000000080b00000, 0x0000000080b00000|100%| O|  |TAMS 0x0000000080b00000, 0x0000000080a00000| Untracked 
|  11|0x0000000080b00000, 0x0000000080c00000, 0x0000000080c00000|100%| O|  |TAMS 0x0000000080c00000, 0x0000000080b00000| Untracked 
|  12|0x0000000080c00000, 0x0000000080d00000, 0x0000000080d00000|100%| O|  |TAMS 0x0000000080d00000, 0x0000000080c00000| Untracked 
|  13|0x0000000080d00000, 0x0000000080e00000, 0x0000000080e00000|100%| O|  |TAMS 0x0000000080e00000, 0x0000000080d00000| Untracked 
|  14|0x0000000080e00000, 0x0000000080f00000, 0x0000000080f00000|100%| O|  |TAMS 0x0000000080f00000, 0x0000000080e00000| Untracked 
|  15|0x0000000080f00000, 0x0000000080ff8200, 0x0000000081000000| 96%| O|  |TAMS 0x0000000080ff8200, 0x0000000080f00000| Untracked 
|  16|0x0000000081000000, 0x0000000081100000, 0x0000000081100000|100%|HS|  |TAMS 0x0000000081000000, 0x0000000081000000| Complete 
|  17|0x0000000081100000, 0x0000000081200000, 0x0000000081200000|100%|HS|  |TAMS 0x0000000081100000, 0x0000000081100000| Complete 
|  18|0x0000000081200000, 0x0000000081300000, 0x0000000081300000|100%|HS|  |TAMS 0x0000000081200000, 0x0000000081200000| Complete 
|  19|0x0000000081300000, 0x0000000081400000, 0x0000000081400000|100%|HC|  |TAMS 0x0000000081300000, 0x0000000081300000| Complete 
|  20|0x0000000081400000, 0x0000000081400000, 0x0000000081500000|  0%| F|  |TAMS 0x0000000081400000, 0x0000000081400000| Untracked 
|  21|0x0000000081500000, 0x0000000081500000, 0x0000000081600000|  0%| F|  |TAMS 0x0000000081500000, 0x0000000081500000| Untracked 
|  22|0x0000000081600000, 0x0000000081600000, 0x0000000081700000|  0%| F|  |TAMS 0x0000000081600000, 0x0000000081600000| Untracked 
|  23|0x0000000081700000, 0x0000000081700000, 0x0000000081800000|  0%| F|  |TAMS 0x0000000081700000, 0x0000000081700000| Untracked 
|  24|0x0000000081800000, 0x0000000081800000, 0x0000000081900000|  0%| F|  |TAMS 0x0000000081800000, 0x0000000081800000| Untracked 
|  25|0x0000000081900000, 0x0000000081900000, 0x0000000081a00000|  0%| F|  |TAMS 0x0000000081900000, 0x0000000081900000| Untracked 
|  26|0x0000000081a00000, 0x0000000081a00000, 0x0000000081b00000|  0%| F|  |TAMS 0x0000000081a00000, 0x0000000081a00000| Untracked 
|  27|0x0000000081b00000, 0x0000000081b00000, 0x0000000081c00000|  0%| F|  |TAMS 0x0000000081b00000, 0x0000000081b00000| Untracked 
|  28|0x0000000081c00000, 0x0000000081c00000, 0x0000000081d00000|  0%| F|  |TAMS 0x0000000081c00000, 0x0000000081c00000| Untracked 
|  29|0x0000000081d00000, 0x0000000081d00000, 0x0000000081e00000|  0%| F|  |TAMS 0x0000000081d00000, 0x0000000081d00000| Untracked 
|  30|0x0000000081e00000, 0x0000000081e00000, 0x0000000081f00000|  0%| F|  |TAMS 0x0000000081e00000, 0x0000000081e00000| Untracked 
|  31|0x0000000081f00000, 0x0000000081f00000, 0x0000000082000000|  0%| F|  |TAMS 0x0000000081f00000, 0x0000000081f00000| Untracked 
|  32|0x0000000082000000, 0x0000000082000000, 0x0000000082100000|  0%| F|  |TAMS 0x0000000082000000, 0x0000000082000000| Untracked 
|  33|0x0000000082100000, 0x0000000082100000, 0x0000000082200000|  0%| F|  |TAMS 0x0000000082100000, 0x0000000082100000| Untracked 
|  34|0x0000000082200000, 0x0000000082200000, 0x0000000082300000|  0%| F|  |TAMS 0x0000000082200000, 0x0000000082200000| Untracked 
|  35|0x0000000082300000, 0x0000000082300000, 0x0000000082400000|  0%| F|  |TAMS 0x0000000082300000, 0x0000000082300000| Untracked 
|  36|0x0000000082400000, 0x0000000082400000, 0x0000000082500000|  0%| F|  |TAMS 0x0000000082400000, 0x0000000082400000| Untracked 
|  37|0x0000000082500000, 0x0000000082500000, 0x0000000082600000|  0%| F|  |TAMS 0x0000000082500000, 0x0000000082500000| Untracked 
|  38|0x0000000082600000, 0x0000000082600000, 0x0000000082700000|  0%| F|  |TAMS 0x0000000082600000, 0x0000000082600000| Untracked 
|  39|0x0000000082700000, 0x0000000082700000, 0x0000000082800000|  0%| F|  |TAMS 0x0000000082700000, 0x0000000082700000| Untracked 
|  40|0x0000000082800000, 0x0000000082800000, 0x0000000082900000|  0%| F|  |TAMS 0x0000000082800000, 0x0000000082800000| Untracked 
|  41|0x0000000082900000, 0x0000000082900000, 0x0000000082a00000|  0%| F|  |TAMS 0x0000000082900000, 0x0000000082900000| Untracked 
|  42|0x0000000082a00000, 0x0000000082a00000, 0x0000000082b00000|  0%| F|  |TAMS 0x0000000082a00000, 0x0000000082a00000| Untracked 
|  43|0x0000000082b00000, 0x0000000082b00000, 0x0000000082c00000|  0%| F|  |TAMS 0x0000000082b00000, 0x0000000082b00000| Untracked 
|  44|0x0000000082c00000, 0x0000000082c00000, 0x0000000082d00000|  0%| F|  |TAMS 0x0000000082c00000, 0x0000000082c00000| Untracked 
|  45|0x0000000082d00000, 0x0000000082d00000, 0x0000000082e00000|  0%| F|  |TAMS 0x0000000082d00000, 0x0000000082d00000| Untracked 
|  46|0x0000000082e00000, 0x0000000082e00000, 0x0000000082f00000|  0%| F|  |TAMS 0x0000000082e00000, 0x0000000082e00000| Untracked 
|  47|0x0000000082f00000, 0x0000000082f00000, 0x0000000083000000|  0%| F|  |TAMS 0x0000000082f00000, 0x0000000082f00000| Untracked 
|  48|0x0000000083000000, 0x0000000083000000, 0x0000000083100000|  0%| F|  |TAMS 0x0000000083000000, 0x0000000083000000| Untracked 
|  49|0x0000000083100000, 0x0000000083100000, 0x0000000083200000|  0%| F|  |TAMS 0x0000000083100000, 0x0000000083100000| Untracked 
|  50|0x0000000083200000, 0x0000000083200000, 0x0000000083300000|  0%| F|  |TAMS 0x0000000083200000, 0x0000000083200000| Untracked 
|  51|0x0000000083300000, 0x0000000083300000, 0x0000000083400000|  0%| F|  |TAMS 0x0000000083300000, 0x0000000083300000| Untracked 
|  52|0x0000000083400000, 0x0000000083400000, 0x0000000083500000|  0%| F|  |TAMS 0x0000000083400000, 0x0000000083400000| Untracked 
|  53|0x0000000083500000, 0x0000000083500000, 0x0000000083600000|  0%| F|  |TAMS 0x0000000083500000, 0x0000000083500000| Untracked 
|  54|0x0000000083600000, 0x0000000083600000, 0x0000000083700000|  0%| F|  |TAMS 0x0000000083600000, 0x0000000083600000| Untracked 
|  55|0x0000000083700000, 0x0000000083700000, 0x0000000083800000|  0%| F|  |TAMS 0x0000000083700000, 0x0000000083700000| Untracked 
|  56|0x0000000083800000, 0x0000000083800000, 0x0000000083900000|  0%| F|  |TAMS 0x0000000083800000, 0x0000000083800000| Untracked 
|  57|0x0000000083900000, 0x0000000083900000, 0x0000000083a00000|  0%| F|  |TAMS 0x0000000083900000, 0x0000000083900000| Untracked 
|  58|0x0000000083a00000, 0x0000000083a00000, 0x0000000083b00000|  0%| F|  |TAMS 0x0000000083a00000, 0x0000000083a00000| Untracked 
|  59|0x0000000083b00000, 0x0000000083b00000, 0x0000000083c00000|  0%| F|  |TAMS 0x0000000083b00000, 0x0000000083b00000| Untracked 
|  60|0x0000000083c00000, 0x0000000083c00000, 0x0000000083d00000|  0%| F|  |TAMS 0x0000000083c00000, 0x0000000083c00000| Untracked 
|  61|0x0000000083d00000, 0x0000000083d00000, 0x0000000083e00000|  0%| F|  |TAMS 0x0000000083d00000, 0x0000000083d00000| Untracked 
|  62|0x0000000083e00000, 0x0000000083e00000, 0x0000000083f00000|  0%| F|  |TAMS 0x0000000083e00000, 0x0000000083e00000| Untracked 
|  63|0x0000000083f00000, 0x0000000083f00000, 0x0000000084000000|  0%| F|  |TAMS 0x0000000083f00000, 0x0000000083f00000| Untracked 
|  64|0x0000000084000000, 0x0000000084000000, 0x0000000084100000|  0%| F|  |TAMS 0x0000000084000000, 0x0000000084000000| Untracked 
|  65|0x0000000084100000, 0x0000000084100000, 0x0000000084200000|  0%| F|  |TAMS 0x0000000084100000, 0x0000000084100000| Untracked 
|  66|0x0000000084200000, 0x0000000084200000, 0x0000000084300000|  0%| F|  |TAMS 0x0000000084200000, 0x0000000084200000| Untracked 
|  67|0x0000000084300000, 0x0000000084300000, 0x0000000084400000|  0%| F|  |TAMS 0x0000000084300000, 0x0000000084300000| Untracked 
|  68|0x0000000084400000, 0x0000000084400000, 0x0000000084500000|  0%| F|  |TAMS 0x0000000084400000, 0x0000000084400000| Untracked 
|  69|0x0000000084500000, 0x0000000084500000, 0x0000000084600000|  0%| F|  |TAMS 0x0000000084500000, 0x0000000084500000| Untracked 
|  70|0x0000000084600000, 0x0000000084600000, 0x0000000084700000|  0%| F|  |TAMS 0x0000000084600000, 0x0000000084600000| Untracked 
|  71|0x0000000084700000, 0x0000000084700000, 0x0000000084800000|  0%| F|  |TAMS 0x0000000084700000, 0x0000000084700000| Untracked 
|  72|0x0000000084800000, 0x0000000084800000, 0x0000000084900000|  0%| F|  |TAMS 0x0000000084800000, 0x0000000084800000| Untracked 
|  73|0x0000000084900000, 0x0000000084900000, 0x0000000084a00000|  0%| F|  |TAMS 0x0000000084900000, 0x0000000084900000| Untracked 
|  74|0x0000000084a00000, 0x0000000084a00000, 0x0000000084b00000|  0%| F|  |TAMS 0x0000000084a00000, 0x0000000084a00000| Untracked 
|  75|0x0000000084b00000, 0x0000000084b00000, 0x0000000084c00000|  0%| F|  |TAMS 0x0000000084b00000, 0x0000000084b00000| Untracked 
|  76|0x0000000084c00000, 0x0000000084c00000, 0x0000000084d00000|  0%| F|  |TAMS 0x0000000084c00000, 0x0000000084c00000| Untracked 
|  77|0x0000000084d00000, 0x0000000084d00000, 0x0000000084e00000|  0%| F|  |TAMS 0x0000000084d00000, 0x0000000084d00000| Untracked 
|  78|0x0000000084e00000, 0x0000000084e00000, 0x0000000084f00000|  0%| F|  |TAMS 0x0000000084e00000, 0x0000000084e00000| Untracked 
|  79|0x0000000084f00000, 0x0000000084f00000, 0x0000000085000000|  0%| F|  |TAMS 0x0000000084f00000, 0x0000000084f00000| Untracked 
|  80|0x0000000085000000, 0x0000000085000000, 0x0000000085100000|  0%| F|  |TAMS 0x0000000085000000, 0x0000000085000000| Untracked 
|  81|0x0000000085100000, 0x0000000085100000, 0x0000000085200000|  0%| F|  |TAMS 0x0000000085100000, 0x0000000085100000| Untracked 
|  82|0x0000000085200000, 0x0000000085200000, 0x0000000085300000|  0%| F|  |TAMS 0x0000000085200000, 0x0000000085200000| Untracked 
|  83|0x0000000085300000, 0x0000000085300000, 0x0000000085400000|  0%| F|  |TAMS 0x0000000085300000, 0x0000000085300000| Untracked 
|  84|0x0000000085400000, 0x0000000085400000, 0x0000000085500000|  0%| F|  |TAMS 0x0000000085400000, 0x0000000085400000| Untracked 
|  85|0x0000000085500000, 0x0000000085500000, 0x0000000085600000|  0%| F|  |TAMS 0x0000000085500000, 0x0000000085500000| Untracked 
|  86|0x0000000085600000, 0x0000000085600000, 0x0000000085700000|  0%| F|  |TAMS 0x0000000085600000, 0x0000000085600000| Untracked 
|  87|0x0000000085700000, 0x0000000085700000, 0x0000000085800000|  0%| F|  |TAMS 0x0000000085700000, 0x0000000085700000| Untracked 
|  88|0x0000000085800000, 0x0000000085800000, 0x0000000085900000|  0%| F|  |TAMS 0x0000000085800000, 0x0000000085800000| Untracked 
|  89|0x0000000085900000, 0x0000000085900000, 0x0000000085a00000|  0%| F|  |TAMS 0x0000000085900000, 0x0000000085900000| Untracked 
|  90|0x0000000085a00000, 0x0000000085a00000, 0x0000000085b00000|  0%| F|  |TAMS 0x0000000085a00000, 0x0000000085a00000| Untracked 
|  91|0x0000000085b00000, 0x0000000085b00000, 0x0000000085c00000|  0%| F|  |TAMS 0x0000000085b00000, 0x0000000085b00000| Untracked 
|  92|0x0000000085c00000, 0x0000000085c00000, 0x0000000085d00000|  0%| F|  |TAMS 0x0000000085c00000, 0x0000000085c00000| Untracked 
|  93|0x0000000085d00000, 0x0000000085d00000, 0x0000000085e00000|  0%| F|  |TAMS 0x0000000085d00000, 0x0000000085d00000| Untracked 
|  94|0x0000000085e00000, 0x0000000085e00000, 0x0000000085f00000|  0%| F|  |TAMS 0x0000000085e00000, 0x0000000085e00000| Untracked 
|  95|0x0000000085f00000, 0x0000000085f00000, 0x0000000086000000|  0%| F|  |TAMS 0x0000000085f00000, 0x0000000085f00000| Untracked 
|  96|0x0000000086000000, 0x0000000086000000, 0x0000000086100000|  0%| F|  |TAMS 0x0000000086000000, 0x0000000086000000| Untracked 
|  97|0x0000000086100000, 0x0000000086100000, 0x0000000086200000|  0%| F|  |TAMS 0x0000000086100000, 0x0000000086100000| Untracked 
|  98|0x0000000086200000, 0x0000000086200000, 0x0000000086300000|  0%| F|  |TAMS 0x0000000086200000, 0x0000000086200000| Untracked 
|  99|0x0000000086300000, 0x0000000086300000, 0x0000000086400000|  0%| F|  |TAMS 0x0000000086300000, 0x0000000086300000| Untracked 
| 100|0x0000000086400000, 0x0000000086400000, 0x0000000086500000|  0%| F|  |TAMS 0x0000000086400000, 0x0000000086400000| Untracked 
| 101|0x0000000086500000, 0x0000000086500000, 0x0000000086600000|  0%| F|  |TAMS 0x0000000086500000, 0x0000000086500000| Untracked 
| 102|0x0000000086600000, 0x0000000086600000, 0x0000000086700000|  0%| F|  |TAMS 0x0000000086600000, 0x0000000086600000| Untracked 
| 103|0x0000000086700000, 0x0000000086700000, 0x0000000086800000|  0%| F|  |TAMS 0x0000000086700000, 0x0000000086700000| Untracked 
| 104|0x0000000086800000, 0x0000000086800000, 0x0000000086900000|  0%| F|  |TAMS 0x0000000086800000, 0x0000000086800000| Untracked 
| 105|0x0000000086900000, 0x0000000086900000, 0x0000000086a00000|  0%| F|  |TAMS 0x0000000086900000, 0x0000000086900000| Untracked 
| 106|0x0000000086a00000, 0x0000000086a00000, 0x0000000086b00000|  0%| F|  |TAMS 0x0000000086a00000, 0x0000000086a00000| Untracked 
| 107|0x0000000086b00000, 0x0000000086b00000, 0x0000000086c00000|  0%| F|  |TAMS 0x0000000086b00000, 0x0000000086b00000| Untracked 
| 108|0x0000000086c00000, 0x0000000086c00000, 0x0000000086d00000|  0%| F|  |TAMS 0x0000000086c00000, 0x0000000086c00000| Untracked 
| 109|0x0000000086d00000, 0x0000000086d00000, 0x0000000086e00000|  0%| F|  |TAMS 0x0000000086d00000, 0x0000000086d00000| Untracked 
| 110|0x0000000086e00000, 0x0000000086e00000, 0x0000000086f00000|  0%| F|  |TAMS 0x0000000086e00000, 0x0000000086e00000| Untracked 
| 111|0x0000000086f00000, 0x0000000086f00000, 0x0000000087000000|  0%| F|  |TAMS 0x0000000086f00000, 0x0000000086f00000| Untracked 
| 112|0x0000000087000000, 0x0000000087000000, 0x0000000087100000|  0%| F|  |TAMS 0x0000000087000000, 0x0000000087000000| Untracked 
| 113|0x0000000087100000, 0x0000000087100000, 0x0000000087200000|  0%| F|  |TAMS 0x0000000087100000, 0x0000000087100000| Untracked 
| 114|0x0000000087200000, 0x0000000087200000, 0x0000000087300000|  0%| F|  |TAMS 0x0000000087200000, 0x0000000087200000| Untracked 
| 115|0x0000000087300000, 0x0000000087374c88, 0x0000000087400000| 45%| S|CS|TAMS 0x0000000087300000, 0x0000000087300000| Complete 
| 116|0x0000000087400000, 0x0000000087500000, 0x0000000087500000|100%| S|CS|TAMS 0x0000000087400000, 0x0000000087400000| Complete 
| 117|0x0000000087500000, 0x0000000087600000, 0x0000000087600000|100%| S|CS|TAMS 0x0000000087500000, 0x0000000087500000| Complete 
| 118|0x0000000087600000, 0x0000000087700000, 0x0000000087700000|100%| S|CS|TAMS 0x0000000087600000, 0x0000000087600000| Complete 
| 119|0x0000000087700000, 0x0000000087800000, 0x0000000087800000|100%| S|CS|TAMS 0x0000000087700000, 0x0000000087700000| Complete 
| 120|0x0000000087800000, 0x0000000087900000, 0x0000000087900000|100%| S|CS|TAMS 0x0000000087800000, 0x0000000087800000| Complete 
| 121|0x0000000087900000, 0x0000000087a00000, 0x0000000087a00000|100%| S|CS|TAMS 0x0000000087900000, 0x0000000087900000| Complete 
| 122|0x0000000087a00000, 0x0000000087b00000, 0x0000000087b00000|100%| S|CS|TAMS 0x0000000087a00000, 0x0000000087a00000| Complete 
| 123|0x0000000087b00000, 0x0000000087c00000, 0x0000000087c00000|100%| S|CS|TAMS 0x0000000087b00000, 0x0000000087b00000| Complete 
| 124|0x0000000087c00000, 0x0000000087d00000, 0x0000000087d00000|100%| S|CS|TAMS 0x0000000087c00000, 0x0000000087c00000| Complete 
| 125|0x0000000087d00000, 0x0000000087e00000, 0x0000000087e00000|100%| S|CS|TAMS 0x0000000087d00000, 0x0000000087d00000| Complete 
| 126|0x0000000087e00000, 0x0000000087f00000, 0x0000000087f00000|100%| S|CS|TAMS 0x0000000087e00000, 0x0000000087e00000| Complete 
| 127|0x0000000087f00000, 0x0000000088000000, 0x0000000088000000|100%| S|CS|TAMS 0x0000000087f00000, 0x0000000087f00000| Complete 
| 128|0x0000000088000000, 0x0000000088000000, 0x0000000088100000|  0%| F|  |TAMS 0x0000000088000000, 0x0000000088000000| Untracked 
| 129|0x0000000088100000, 0x0000000088100000, 0x0000000088200000|  0%| F|  |TAMS 0x0000000088100000, 0x0000000088100000| Untracked 
| 130|0x0000000088200000, 0x0000000088200000, 0x0000000088300000|  0%| F|  |TAMS 0x0000000088200000, 0x0000000088200000| Untracked 
| 131|0x0000000088300000, 0x0000000088300000, 0x0000000088400000|  0%| F|  |TAMS 0x0000000088300000, 0x0000000088300000| Untracked 
| 132|0x0000000088400000, 0x0000000088400000, 0x0000000088500000|  0%| F|  |TAMS 0x0000000088400000, 0x0000000088400000| Untracked 
| 133|0x0000000088500000, 0x0000000088500000, 0x0000000088600000|  0%| F|  |TAMS 0x0000000088500000, 0x0000000088500000| Untracked 
| 134|0x0000000088600000, 0x0000000088600000, 0x0000000088700000|  0%| F|  |TAMS 0x0000000088600000, 0x0000000088600000| Untracked 
| 135|0x0000000088700000, 0x0000000088700000, 0x0000000088800000|  0%| F|  |TAMS 0x0000000088700000, 0x0000000088700000| Untracked 
| 136|0x0000000088800000, 0x0000000088800000, 0x0000000088900000|  0%| F|  |TAMS 0x0000000088800000, 0x0000000088800000| Untracked 
| 137|0x0000000088900000, 0x0000000088900000, 0x0000000088a00000|  0%| F|  |TAMS 0x0000000088900000, 0x0000000088900000| Untracked 
| 138|0x0000000088a00000, 0x0000000088a00000, 0x0000000088b00000|  0%| F|  |TAMS 0x0000000088a00000, 0x0000000088a00000| Untracked 
| 139|0x0000000088b00000, 0x0000000088b00000, 0x0000000088c00000|  0%| F|  |TAMS 0x0000000088b00000, 0x0000000088b00000| Untracked 
| 140|0x0000000088c00000, 0x0000000088c00000, 0x0000000088d00000|  0%| F|  |TAMS 0x0000000088c00000, 0x0000000088c00000| Untracked 
| 141|0x0000000088d00000, 0x0000000088d00000, 0x0000000088e00000|  0%| F|  |TAMS 0x0000000088d00000, 0x0000000088d00000| Untracked 
| 142|0x0000000088e00000, 0x0000000088e8a350, 0x0000000088f00000| 53%| E|  |TAMS 0x0000000088e00000, 0x0000000088e00000| Complete 
| 143|0x0000000088f00000, 0x0000000089000000, 0x0000000089000000|100%| E|CS|TAMS 0x0000000088f00000, 0x0000000088f00000| Complete 
| 144|0x0000000089000000, 0x0000000089100000, 0x0000000089100000|100%| E|CS|TAMS 0x0000000089000000, 0x0000000089000000| Complete 
| 145|0x0000000089100000, 0x0000000089200000, 0x0000000089200000|100%| E|CS|TAMS 0x0000000089100000, 0x0000000089100000| Complete 
| 146|0x0000000089200000, 0x0000000089300000, 0x0000000089300000|100%| E|CS|TAMS 0x0000000089200000, 0x0000000089200000| Complete 
| 147|0x0000000089300000, 0x0000000089400000, 0x0000000089400000|100%| E|CS|TAMS 0x0000000089300000, 0x0000000089300000| Complete 
| 148|0x0000000089400000, 0x0000000089500000, 0x0000000089500000|100%| E|CS|TAMS 0x0000000089400000, 0x0000000089400000| Complete 
| 149|0x0000000089500000, 0x0000000089600000, 0x0000000089600000|100%| E|CS|TAMS 0x0000000089500000, 0x0000000089500000| Complete 
| 150|0x0000000089600000, 0x0000000089700000, 0x0000000089700000|100%| E|CS|TAMS 0x0000000089600000, 0x0000000089600000| Complete 
| 151|0x0000000089700000, 0x0000000089800000, 0x0000000089800000|100%| E|CS|TAMS 0x0000000089700000, 0x0000000089700000| Complete 
| 152|0x0000000089800000, 0x0000000089900000, 0x0000000089900000|100%| E|CS|TAMS 0x0000000089800000, 0x0000000089800000| Complete 
| 153|0x0000000089900000, 0x0000000089a00000, 0x0000000089a00000|100%| E|CS|TAMS 0x0000000089900000, 0x0000000089900000| Complete 
| 154|0x0000000089a00000, 0x0000000089b00000, 0x0000000089b00000|100%| E|CS|TAMS 0x0000000089a00000, 0x0000000089a00000| Complete 
| 155|0x0000000089b00000, 0x0000000089c00000, 0x0000000089c00000|100%| E|CS|TAMS 0x0000000089b00000, 0x0000000089b00000| Complete 
| 156|0x0000000089c00000, 0x0000000089d00000, 0x0000000089d00000|100%| E|CS|TAMS 0x0000000089c00000, 0x0000000089c00000| Complete 
| 157|0x0000000089d00000, 0x0000000089e00000, 0x0000000089e00000|100%| E|CS|TAMS 0x0000000089d00000, 0x0000000089d00000| Complete 
| 158|0x0000000089e00000, 0x0000000089f00000, 0x0000000089f00000|100%| E|CS|TAMS 0x0000000089e00000, 0x0000000089e00000| Complete 
| 159|0x0000000089f00000, 0x000000008a000000, 0x000000008a000000|100%| E|CS|TAMS 0x0000000089f00000, 0x0000000089f00000| Complete 
| 160|0x000000008a000000, 0x000000008a100000, 0x000000008a100000|100%| E|CS|TAMS 0x000000008a000000, 0x000000008a000000| Complete 
| 161|0x000000008a100000, 0x000000008a200000, 0x000000008a200000|100%| E|CS|TAMS 0x000000008a100000, 0x000000008a100000| Complete 
| 162|0x000000008a200000, 0x000000008a300000, 0x000000008a300000|100%| E|CS|TAMS 0x000000008a200000, 0x000000008a200000| Complete 
| 163|0x000000008a300000, 0x000000008a400000, 0x000000008a400000|100%| E|CS|TAMS 0x000000008a300000, 0x000000008a300000| Complete 
| 164|0x000000008a400000, 0x000000008a500000, 0x000000008a500000|100%| E|CS|TAMS 0x000000008a400000, 0x000000008a400000| Complete 
| 165|0x000000008a500000, 0x000000008a600000, 0x000000008a600000|100%| E|CS|TAMS 0x000000008a500000, 0x000000008a500000| Complete 
| 166|0x000000008a600000, 0x000000008a700000, 0x000000008a700000|100%| E|CS|TAMS 0x000000008a600000, 0x000000008a600000| Complete 
| 167|0x000000008a700000, 0x000000008a800000, 0x000000008a800000|100%| E|CS|TAMS 0x000000008a700000, 0x000000008a700000| Complete 
| 168|0x000000008a800000, 0x000000008a900000, 0x000000008a900000|100%| E|CS|TAMS 0x000000008a800000, 0x000000008a800000| Complete 
| 169|0x000000008a900000, 0x000000008aa00000, 0x000000008aa00000|100%| E|CS|TAMS 0x000000008a900000, 0x000000008a900000| Complete 
| 170|0x000000008aa00000, 0x000000008ab00000, 0x000000008ab00000|100%| E|CS|TAMS 0x000000008aa00000, 0x000000008aa00000| Complete 
| 171|0x000000008ab00000, 0x000000008ac00000, 0x000000008ac00000|100%| E|CS|TAMS 0x000000008ab00000, 0x000000008ab00000| Complete 
| 172|0x000000008ac00000, 0x000000008ad00000, 0x000000008ad00000|100%| E|CS|TAMS 0x000000008ac00000, 0x000000008ac00000| Complete 
| 173|0x000000008ad00000, 0x000000008ae00000, 0x000000008ae00000|100%| E|CS|TAMS 0x000000008ad00000, 0x000000008ad00000| Complete 
| 174|0x000000008ae00000, 0x000000008af00000, 0x000000008af00000|100%| E|CS|TAMS 0x000000008ae00000, 0x000000008ae00000| Complete 
| 175|0x000000008af00000, 0x000000008b000000, 0x000000008b000000|100%| E|CS|TAMS 0x000000008af00000, 0x000000008af00000| Complete 
| 176|0x000000008b000000, 0x000000008b100000, 0x000000008b100000|100%| E|CS|TAMS 0x000000008b000000, 0x000000008b000000| Complete 
| 177|0x000000008b100000, 0x000000008b200000, 0x000000008b200000|100%| E|CS|TAMS 0x000000008b100000, 0x000000008b100000| Complete 
| 178|0x000000008b200000, 0x000000008b300000, 0x000000008b300000|100%| E|CS|TAMS 0x000000008b200000, 0x000000008b200000| Complete 
| 179|0x000000008b300000, 0x000000008b400000, 0x000000008b400000|100%| E|CS|TAMS 0x000000008b300000, 0x000000008b300000| Complete 
| 180|0x000000008b400000, 0x000000008b500000, 0x000000008b500000|100%| E|CS|TAMS 0x000000008b400000, 0x000000008b400000| Complete 
| 181|0x000000008b500000, 0x000000008b600000, 0x000000008b600000|100%| E|CS|TAMS 0x000000008b500000, 0x000000008b500000| Complete 
| 182|0x000000008b600000, 0x000000008b700000, 0x000000008b700000|100%| E|CS|TAMS 0x000000008b600000, 0x000000008b600000| Complete 
| 183|0x000000008b700000, 0x000000008b800000, 0x000000008b800000|100%| E|CS|TAMS 0x000000008b700000, 0x000000008b700000| Complete 
| 184|0x000000008b800000, 0x000000008b900000, 0x000000008b900000|100%| E|CS|TAMS 0x000000008b800000, 0x000000008b800000| Complete 
| 185|0x000000008b900000, 0x000000008ba00000, 0x000000008ba00000|100%| E|CS|TAMS 0x000000008b900000, 0x000000008b900000| Complete 
| 186|0x000000008ba00000, 0x000000008bb00000, 0x000000008bb00000|100%| E|CS|TAMS 0x000000008ba00000, 0x000000008ba00000| Complete 
| 187|0x000000008bb00000, 0x000000008bc00000, 0x000000008bc00000|100%| E|CS|TAMS 0x000000008bb00000, 0x000000008bb00000| Complete 
| 188|0x000000008bc00000, 0x000000008bd00000, 0x000000008bd00000|100%| E|CS|TAMS 0x000000008bc00000, 0x000000008bc00000| Complete 
| 189|0x000000008bd00000, 0x000000008be00000, 0x000000008be00000|100%| E|CS|TAMS 0x000000008bd00000, 0x000000008bd00000| Complete 
| 190|0x000000008be00000, 0x000000008bf00000, 0x000000008bf00000|100%| E|CS|TAMS 0x000000008be00000, 0x000000008be00000| Complete 
| 191|0x000000008bf00000, 0x000000008c000000, 0x000000008c000000|100%| E|CS|TAMS 0x000000008bf00000, 0x000000008bf00000| Complete 
| 192|0x000000008c000000, 0x000000008c100000, 0x000000008c100000|100%| E|CS|TAMS 0x000000008c000000, 0x000000008c000000| Complete 
| 193|0x000000008c100000, 0x000000008c200000, 0x000000008c200000|100%| E|CS|TAMS 0x000000008c100000, 0x000000008c100000| Complete 
| 194|0x000000008c200000, 0x000000008c300000, 0x000000008c300000|100%| E|CS|TAMS 0x000000008c200000, 0x000000008c200000| Complete 
| 195|0x000000008c300000, 0x000000008c400000, 0x000000008c400000|100%| E|CS|TAMS 0x000000008c300000, 0x000000008c300000| Complete 
| 196|0x000000008c400000, 0x000000008c500000, 0x000000008c500000|100%| E|CS|TAMS 0x000000008c400000, 0x000000008c400000| Complete 
| 197|0x000000008c500000, 0x000000008c600000, 0x000000008c600000|100%| E|CS|TAMS 0x000000008c500000, 0x000000008c500000| Complete 
| 198|0x000000008c600000, 0x000000008c700000, 0x000000008c700000|100%| E|CS|TAMS 0x000000008c600000, 0x000000008c600000| Complete 
| 199|0x000000008c700000, 0x000000008c800000, 0x000000008c800000|100%| E|CS|TAMS 0x000000008c700000, 0x000000008c700000| Complete 
| 200|0x000000008c800000, 0x000000008c900000, 0x000000008c900000|100%| E|CS|TAMS 0x000000008c800000, 0x000000008c800000| Complete 
| 201|0x000000008c900000, 0x000000008ca00000, 0x000000008ca00000|100%| E|CS|TAMS 0x000000008c900000, 0x000000008c900000| Complete 
| 202|0x000000008ca00000, 0x000000008cb00000, 0x000000008cb00000|100%| E|  |TAMS 0x000000008ca00000, 0x000000008ca00000| Complete 
| 203|0x000000008cb00000, 0x000000008cc00000, 0x000000008cc00000|100%| E|CS|TAMS 0x000000008cb00000, 0x000000008cb00000| Complete 
| 204|0x000000008cc00000, 0x000000008cd00000, 0x000000008cd00000|100%| E|CS|TAMS 0x000000008cc00000, 0x000000008cc00000| Complete 
| 205|0x000000008cd00000, 0x000000008ce00000, 0x000000008ce00000|100%| E|CS|TAMS 0x000000008cd00000, 0x000000008cd00000| Complete 
| 206|0x000000008ce00000, 0x000000008cf00000, 0x000000008cf00000|100%| E|CS|TAMS 0x000000008ce00000, 0x000000008ce00000| Complete 
| 207|0x000000008cf00000, 0x000000008d000000, 0x000000008d000000|100%| E|CS|TAMS 0x000000008cf00000, 0x000000008cf00000| Complete 
| 208|0x000000008d000000, 0x000000008d100000, 0x000000008d100000|100%| E|CS|TAMS 0x000000008d000000, 0x000000008d000000| Complete 
| 209|0x000000008d100000, 0x000000008d200000, 0x000000008d200000|100%| E|CS|TAMS 0x000000008d100000, 0x000000008d100000| Complete 
| 210|0x000000008d200000, 0x000000008d300000, 0x000000008d300000|100%| E|CS|TAMS 0x000000008d200000, 0x000000008d200000| Complete 
| 211|0x000000008d300000, 0x000000008d400000, 0x000000008d400000|100%| E|CS|TAMS 0x000000008d300000, 0x000000008d300000| Complete 
| 212|0x000000008d400000, 0x000000008d500000, 0x000000008d500000|100%| E|CS|TAMS 0x000000008d400000, 0x000000008d400000| Complete 
| 213|0x000000008d500000, 0x000000008d600000, 0x000000008d600000|100%| E|CS|TAMS 0x000000008d500000, 0x000000008d500000| Complete 
| 214|0x000000008d600000, 0x000000008d700000, 0x000000008d700000|100%| E|CS|TAMS 0x000000008d600000, 0x000000008d600000| Complete 
| 215|0x000000008d700000, 0x000000008d800000, 0x000000008d800000|100%| E|CS|TAMS 0x000000008d700000, 0x000000008d700000| Complete 
| 216|0x000000008d800000, 0x000000008d900000, 0x000000008d900000|100%| E|CS|TAMS 0x000000008d800000, 0x000000008d800000| Complete 
| 217|0x000000008d900000, 0x000000008da00000, 0x000000008da00000|100%| E|CS|TAMS 0x000000008d900000, 0x000000008d900000| Complete 
| 218|0x000000008da00000, 0x000000008db00000, 0x000000008db00000|100%| E|CS|TAMS 0x000000008da00000, 0x000000008da00000| Complete 
| 219|0x000000008db00000, 0x000000008dc00000, 0x000000008dc00000|100%| E|CS|TAMS 0x000000008db00000, 0x000000008db00000| Complete 
| 220|0x000000008dc00000, 0x000000008dd00000, 0x000000008dd00000|100%| E|CS|TAMS 0x000000008dc00000, 0x000000008dc00000| Complete 
| 221|0x000000008dd00000, 0x000000008de00000, 0x000000008de00000|100%| E|CS|TAMS 0x000000008dd00000, 0x000000008dd00000| Complete 
| 222|0x000000008de00000, 0x000000008df00000, 0x000000008df00000|100%| E|CS|TAMS 0x000000008de00000, 0x000000008de00000| Complete 
| 223|0x000000008df00000, 0x000000008e000000, 0x000000008e000000|100%| E|CS|TAMS 0x000000008df00000, 0x000000008df00000| Complete 
| 224|0x000000008e000000, 0x000000008e100000, 0x000000008e100000|100%| E|CS|TAMS 0x000000008e000000, 0x000000008e000000| Complete 
| 225|0x000000008e100000, 0x000000008e200000, 0x000000008e200000|100%| E|CS|TAMS 0x000000008e100000, 0x000000008e100000| Complete 
| 226|0x000000008e200000, 0x000000008e300000, 0x000000008e300000|100%| E|CS|TAMS 0x000000008e200000, 0x000000008e200000| Complete 
| 227|0x000000008e300000, 0x000000008e400000, 0x000000008e400000|100%| E|CS|TAMS 0x000000008e300000, 0x000000008e300000| Complete 
| 228|0x000000008e400000, 0x000000008e500000, 0x000000008e500000|100%| E|CS|TAMS 0x000000008e400000, 0x000000008e400000| Complete 
| 229|0x000000008e500000, 0x000000008e600000, 0x000000008e600000|100%| E|CS|TAMS 0x000000008e500000, 0x000000008e500000| Complete 
| 230|0x000000008e600000, 0x000000008e700000, 0x000000008e700000|100%| E|CS|TAMS 0x000000008e600000, 0x000000008e600000| Complete 
| 231|0x000000008e700000, 0x000000008e800000, 0x000000008e800000|100%| E|CS|TAMS 0x000000008e700000, 0x000000008e700000| Complete 
| 232|0x000000008e800000, 0x000000008e900000, 0x000000008e900000|100%| E|CS|TAMS 0x000000008e800000, 0x000000008e800000| Complete 
| 233|0x000000008e900000, 0x000000008ea00000, 0x000000008ea00000|100%| E|CS|TAMS 0x000000008e900000, 0x000000008e900000| Complete 
| 234|0x000000008ea00000, 0x000000008eb00000, 0x000000008eb00000|100%| E|CS|TAMS 0x000000008ea00000, 0x000000008ea00000| Complete 
| 235|0x000000008eb00000, 0x000000008ec00000, 0x000000008ec00000|100%| E|CS|TAMS 0x000000008eb00000, 0x000000008eb00000| Complete 
| 236|0x000000008ec00000, 0x000000008ed00000, 0x000000008ed00000|100%| E|CS|TAMS 0x000000008ec00000, 0x000000008ec00000| Complete 
| 237|0x000000008ed00000, 0x000000008ee00000, 0x000000008ee00000|100%| E|CS|TAMS 0x000000008ed00000, 0x000000008ed00000| Complete 
| 238|0x000000008ee00000, 0x000000008ef00000, 0x000000008ef00000|100%| E|CS|TAMS 0x000000008ee00000, 0x000000008ee00000| Complete 
| 239|0x000000008ef00000, 0x000000008f000000, 0x000000008f000000|100%| E|CS|TAMS 0x000000008ef00000, 0x000000008ef00000| Complete 
| 240|0x000000008f000000, 0x000000008f100000, 0x000000008f100000|100%| E|CS|TAMS 0x000000008f000000, 0x000000008f000000| Complete 
| 241|0x000000008f100000, 0x000000008f200000, 0x000000008f200000|100%| E|CS|TAMS 0x000000008f100000, 0x000000008f100000| Complete 
| 242|0x000000008f200000, 0x000000008f300000, 0x000000008f300000|100%| E|CS|TAMS 0x000000008f200000, 0x000000008f200000| Complete 
| 243|0x000000008f300000, 0x000000008f400000, 0x000000008f400000|100%| E|CS|TAMS 0x000000008f300000, 0x000000008f300000| Complete 
| 244|0x000000008f400000, 0x000000008f500000, 0x000000008f500000|100%| E|CS|TAMS 0x000000008f400000, 0x000000008f400000| Complete 
| 245|0x000000008f500000, 0x000000008f600000, 0x000000008f600000|100%| E|CS|TAMS 0x000000008f500000, 0x000000008f500000| Complete 
| 246|0x000000008f600000, 0x000000008f700000, 0x000000008f700000|100%| E|CS|TAMS 0x000000008f600000, 0x000000008f600000| Complete 
| 247|0x000000008f700000, 0x000000008f800000, 0x000000008f800000|100%| E|CS|TAMS 0x000000008f700000, 0x000000008f700000| Complete 
| 248|0x000000008f800000, 0x000000008f900000, 0x000000008f900000|100%| E|CS|TAMS 0x000000008f800000, 0x000000008f800000| Complete 
| 249|0x000000008f900000, 0x000000008fa00000, 0x000000008fa00000|100%| E|CS|TAMS 0x000000008f900000, 0x000000008f900000| Complete 
| 250|0x000000008fa00000, 0x000000008fb00000, 0x000000008fb00000|100%| E|CS|TAMS 0x000000008fa00000, 0x000000008fa00000| Complete 
| 251|0x000000008fb00000, 0x000000008fc00000, 0x000000008fc00000|100%| E|CS|TAMS 0x000000008fb00000, 0x000000008fb00000| Complete 
| 252|0x000000008fc00000, 0x000000008fd00000, 0x000000008fd00000|100%| E|CS|TAMS 0x000000008fc00000, 0x000000008fc00000| Complete 
| 253|0x000000008fd00000, 0x000000008fe00000, 0x000000008fe00000|100%| E|CS|TAMS 0x000000008fd00000, 0x000000008fd00000| Complete 

Card table byte_map: [0x00000174cf800000,0x00000174cfc00000] _byte_map_base: 0x00000174cf400000

Marking Bits (Prev, Next): (CMBitMap*) 0x00000174ba1931c8, (CMBitMap*) 0x00000174ba193200
 Prev Bits: [0x00000174d0000000, 0x00000174d2000000)
 Next Bits: [0x00000174d2000000, 0x00000174d4000000)

Polling page: 0x00000174ba230000

Metaspace:

Usage:
  Non-class:     47.73 MB capacity,    46.85 MB ( 98%) used,   758.57 KB (  2%) free+waste,   144.44 KB ( <1%) overhead. 
      Class:      7.33 MB capacity,     6.78 MB ( 93%) used,   492.51 KB (  7%) free+waste,    68.50 KB ( <1%) overhead. 
       Both:     55.06 MB capacity,    53.63 MB ( 97%) used,     1.22 MB (  2%) free+waste,   212.94 KB ( <1%) overhead. 

Virtual space:
  Non-class space:       48.00 MB reserved,      47.87 MB (>99%) committed 
      Class space:        1.00 GB reserved,       7.38 MB ( <1%) committed 
             Both:        1.05 GB reserved,      55.25 MB (  5%) committed 

Chunk freelists:
   Non-Class:  12.00 KB
       Class:  16.00 KB
        Both:  28.00 KB

MaxMetaspaceSize: 17179869184.00 GB
CompressedClassSpaceSize: 1.00 GB

CodeHeap 'non-profiled nmethods': size=119168Kb used=3331Kb max_used=3331Kb free=115836Kb
 bounds [0x00000174c6fe0000, 0x00000174c7330000, 0x00000174ce440000]
CodeHeap 'profiled nmethods': size=119168Kb used=12885Kb max_used=12885Kb free=106282Kb
 bounds [0x00000174bfb80000, 0x00000174c0820000, 0x00000174c6fe0000]
CodeHeap 'non-nmethods': size=7424Kb used=3928Kb max_used=3956Kb free=3495Kb
 bounds [0x00000174bf440000, 0x00000174bf830000, 0x00000174bfb80000]
 total_blobs=6872 nmethods=6051 adapters=727
 compilation: enabled
              stopped_count=0, restarted_count=0
 full_count=0

Compilation events (20 events):
Event: 6.027 Thread 0x00000174d7977800 nmethod 6043 0x00000174c731f110 code [0x00000174c731f2c0, 0x00000174c731f378]
Event: 6.027 Thread 0x00000174d7b00000 nmethod 6042 0x00000174c080f610 code [0x00000174c080f7c0, 0x00000174c080f918]
Event: 6.034 Thread 0x00000174d9078000 6044       4       com.google.common.collect.CollectPreconditions::checkNonnegative (37 bytes)
Event: 6.035 Thread 0x00000174d9078000 nmethod 6044 0x00000174c731f410 code [0x00000174c731f5a0, 0x00000174c731f5f8]
Event: 6.039 Thread 0x00000174d8a78000 6045       3       com.google.common.cache.LocalCache$LocalManualCache::getIfPresent (9 bytes)
Event: 6.039 Thread 0x00000174d8a78000 nmethod 6045 0x00000174c080f990 code [0x00000174c080fb40, 0x00000174c080fc68]
Event: 6.041 Thread 0x00000174d8ade800 6046       3       jdk.internal.org.objectweb.asm.ClassWriter::newConstItem (320 bytes)
Event: 6.043 Thread 0x00000174d8ade800 nmethod 6046 0x00000174c080fd10 code [0x00000174c0810260, 0x00000174c0813178]
Event: 6.043 Thread 0x00000174d7977800 6047       3       java.lang.reflect.AccessibleObject::verifyAccess (84 bytes)
Event: 6.043 Thread 0x00000174d8a78000 6048       3       java.lang.reflect.AccessibleObject::slowVerifyAccess (62 bytes)
Event: 6.043 Thread 0x00000174d9078000 6049       4       org.objectweb.asm.Label::resolve (219 bytes)
Event: 6.043 Thread 0x00000174d7977800 nmethod 6047 0x00000174c0813c90 code [0x00000174c0813e80, 0x00000174c08144a8]
Event: 6.043 Thread 0x00000174d8a78000 nmethod 6048 0x00000174c0814610 code [0x00000174c0814820, 0x00000174c0814f78]
Event: 6.043 Thread 0x00000174dff35000 6050       4       org.objectweb.asm.Type::getInternalName (16 bytes)
Event: 6.044 Thread 0x00000174d7977800 6051       1       org.gradle.internal.instantiation.generator.AbstractClassGenerator$MethodMetadata::getGenericReturnType (5 bytes)
Event: 6.044 Thread 0x00000174d7977800 nmethod 6051 0x00000174c731f690 code [0x00000174c731f840, 0x00000174c731f8f8]
Event: 6.045 Thread 0x00000174d8a78000 6052       3       org.gradle.api.internal.provider.AbstractMinimalProvider::<init> (5 bytes)
Event: 6.045 Thread 0x00000174d8a78000 nmethod 6052 0x00000174c0815110 code [0x00000174c08152c0, 0x00000174c0815418]
Event: 6.046 Thread 0x00000174d9078000 nmethod 6049 0x00000174c731f990 code [0x00000174c731fb20, 0x00000174c731fd98]
Event: 6.072 Thread 0x00000174dff35000 nmethod 6050 0x00000174c731ff90 code [0x00000174c7320140, 0x00000174c7320658]

GC Heap History (10 events):
Event: 0.715 GC heap before
{Heap before GC invocations=0 (full 0):
 garbage-first heap   total 260096K, used 29696K [0x0000000080000000, 0x0000000100000000)
  region size 1024K, 24 young (24576K), 0 survivors (0K)
 Metaspace       used 10224K, capacity 10467K, committed 10624K, reserved 1058816K
  class space    used 1060K, capacity 1106K, committed 1152K, reserved 1048576K
}
Event: 0.717 GC heap after
{Heap after GC invocations=1 (full 0):
 garbage-first heap   total 260096K, used 9584K [0x0000000080000000, 0x0000000100000000)
  region size 1024K, 3 young (3072K), 3 survivors (3072K)
 Metaspace       used 10224K, capacity 10467K, committed 10624K, reserved 1058816K
  class space    used 1060K, capacity 1106K, committed 1152K, reserved 1048576K
}
Event: 2.563 GC heap before
{Heap before GC invocations=1 (full 0):
 garbage-first heap   total 260096K, used 106864K [0x0000000080000000, 0x0000000100000000)
  region size 1024K, 99 young (101376K), 3 survivors (3072K)
 Metaspace       used 20634K, capacity 21136K, committed 21296K, reserved 1069056K
  class space    used 2500K, capacity 2658K, committed 2688K, reserved 1048576K
}
Event: 2.569 GC heap after
{Heap after GC invocations=2 (full 0):
 garbage-first heap   total 260096K, used 16799K [0x0000000080000000, 0x0000000100000000)
  region size 1024K, 11 young (11264K), 11 survivors (11264K)
 Metaspace       used 20634K, capacity 21136K, committed 21296K, reserved 1069056K
  class space    used 2500K, capacity 2658K, committed 2688K, reserved 1048576K
}
Event: 2.812 GC heap before
{Heap before GC invocations=3 (full 0):
 garbage-first heap   total 260096K, used 53663K [0x0000000080000000, 0x0000000100000000)
  region size 1024K, 48 young (49152K), 11 survivors (11264K)
 Metaspace       used 24304K, capacity 24966K, committed 25008K, reserved 1071104K
  class space    used 3112K, capacity 3321K, committed 3328K, reserved 1048576K
}
Event: 2.816 GC heap after
{Heap after GC invocations=4 (full 0):
 garbage-first heap   total 260096K, used 17876K [0x0000000080000000, 0x0000000100000000)
  region size 1024K, 2 young (2048K), 2 survivors (2048K)
 Metaspace       used 24304K, capacity 24966K, committed 25008K, reserved 1071104K
  class space    used 3112K, capacity 3321K, committed 3328K, reserved 1048576K
}
Event: 3.446 GC heap before
{Heap before GC invocations=4 (full 0):
 garbage-first heap   total 260096K, used 91604K [0x0000000080000000, 0x0000000100000000)
  region size 1024K, 75 young (76800K), 2 survivors (2048K)
 Metaspace       used 34872K, capacity 35614K, committed 35708K, reserved 1081344K
  class space    used 4526K, capacity 4832K, committed 4864K, reserved 1048576K
}
Event: 3.450 GC heap after
{Heap after GC invocations=5 (full 0):
 garbage-first heap   total 260096K, used 21848K [0x0000000080000000, 0x0000000100000000)
  region size 1024K, 6 young (6144K), 6 survivors (6144K)
 Metaspace       used 34872K, capacity 35614K, committed 35708K, reserved 1081344K
  class space    used 4526K, capacity 4832K, committed 4864K, reserved 1048576K
}
Event: 4.373 GC heap before
{Heap before GC invocations=6 (full 0):
 garbage-first heap   total 260096K, used 147800K [0x0000000080000000, 0x0000000100000000)
  region size 1024K, 126 young (129024K), 6 survivors (6144K)
 Metaspace       used 44698K, capacity 45805K, committed 46076K, reserved 1089536K
  class space    used 5708K, capacity 6148K, committed 6272K, reserved 1048576K
}
Event: 4.378 GC heap after
{Heap after GC invocations=7 (full 0):
 garbage-first heap   total 260096K, used 29107K [0x0000000080000000, 0x0000000100000000)
  region size 1024K, 13 young (13312K), 13 survivors (13312K)
 Metaspace       used 44698K, capacity 45805K, committed 46076K, reserved 1089536K
  class space    used 5708K, capacity 6148K, committed 6272K, reserved 1048576K
}

Deoptimization events (20 events):
Event: 5.802 Thread 0x00000174dac68000 Uncommon trap: trap_request=0xffffff4d fr.pc=0x00000174c7074240 relative=0x0000000000000380
Event: 5.802 Thread 0x00000174dac68000 Uncommon trap: reason=unstable_if action=reinterpret pc=0x00000174c7074240 method=java.lang.AbstractStringBuilder.isLatin1()Z @ 10 c2
Event: 5.802 Thread 0x00000174dac68000 DEOPT PACKING pc=0x00000174c7074240 sp=0x0000004ef69f7170
Event: 5.802 Thread 0x00000174dac68000 DEOPT UNPACKING pc=0x00000174bf4678af sp=0x0000004ef69f70f0 mode 2
Event: 6.014 Thread 0x00000174dac68000 Uncommon trap: trap_request=0xffffffc6 fr.pc=0x00000174c726c978 relative=0x0000000000000998
Event: 6.014 Thread 0x00000174dac68000 Uncommon trap: reason=bimorphic_or_optimized_type_check action=maybe_recompile pc=0x00000174c726c978 method=java.util.Spliterators$IteratorSpliterator.tryAdvance(Ljava/util/function/Consumer;)Z @ 50 c2
Event: 6.014 Thread 0x00000174dac68000 DEOPT PACKING pc=0x00000174c726c978 sp=0x0000004ef69f7d90
Event: 6.014 Thread 0x00000174dac68000 DEOPT UNPACKING pc=0x00000174bf4678af sp=0x0000004ef69f7b78 mode 2
Event: 6.014 Thread 0x00000174dac68000 Uncommon trap: trap_request=0xffffffc6 fr.pc=0x00000174c713e634 relative=0x00000000000002b4
Event: 6.014 Thread 0x00000174dac68000 Uncommon trap: reason=bimorphic_or_optimized_type_check action=maybe_recompile pc=0x00000174c713e634 method=java.util.Spliterators$IteratorSpliterator.tryAdvance(Ljava/util/function/Consumer;)Z @ 50 c2
Event: 6.014 Thread 0x00000174dac68000 DEOPT PACKING pc=0x00000174c713e634 sp=0x0000004ef69f7bd0
Event: 6.014 Thread 0x00000174dac68000 DEOPT UNPACKING pc=0x00000174bf4678af sp=0x0000004ef69f7b70 mode 2
Event: 6.015 Thread 0x00000174dac68000 Uncommon trap: trap_request=0xffffffc6 fr.pc=0x00000174c726b2d0 relative=0x0000000000000810
Event: 6.015 Thread 0x00000174dac68000 Uncommon trap: reason=bimorphic_or_optimized_type_check action=maybe_recompile pc=0x00000174c726b2d0 method=java.util.Spliterators$IteratorSpliterator.tryAdvance(Ljava/util/function/Consumer;)Z @ 50 c2
Event: 6.015 Thread 0x00000174dac68000 DEOPT PACKING pc=0x00000174c726b2d0 sp=0x0000004ef69f76a0
Event: 6.016 Thread 0x00000174dac68000 DEOPT UNPACKING pc=0x00000174bf4678af sp=0x0000004ef69f7500 mode 2
Event: 6.025 Thread 0x00000174dac68000 Uncommon trap: trap_request=0xffffffc6 fr.pc=0x00000174c716d850 relative=0x0000000000000550
Event: 6.025 Thread 0x00000174dac68000 Uncommon trap: reason=bimorphic_or_optimized_type_check action=maybe_recompile pc=0x00000174c716d850 method=java.util.Spliterators$IteratorSpliterator.tryAdvance(Ljava/util/function/Consumer;)Z @ 50 c2
Event: 6.025 Thread 0x00000174dac68000 DEOPT PACKING pc=0x00000174c716d850 sp=0x0000004ef69f7790
Event: 6.025 Thread 0x00000174dac68000 DEOPT UNPACKING pc=0x00000174bf4678af sp=0x0000004ef69f76c8 mode 2

Classes redefined (0 events):
No events

Internal exceptions (20 events):
Event: 5.532 Thread 0x00000174da222800 Exception <a 'java/lang/NoSuchMethodError'{0x000000008d0ffc98}: <clinit>> (0x000000008d0ffc98) thrown at [./src/hotspot/share/prims/jni.cpp, line 1362]
Event: 5.533 Thread 0x00000174da222800 Exception <a 'java/lang/NoSuchMethodError'{0x000000008bfa0050}: <clinit>> (0x000000008bfa0050) thrown at [./src/hotspot/share/prims/jni.cpp, line 1362]
Event: 5.533 Thread 0x00000174da222800 Exception <a 'java/lang/NoSuchMethodError'{0x000000008bfa1160}: <clinit>> (0x000000008bfa1160) thrown at [./src/hotspot/share/prims/jni.cpp, line 1362]
Event: 5.533 Thread 0x00000174da222800 Exception <a 'java/lang/NoSuchMethodError'{0x000000008be00800}: <clinit>> (0x000000008be00800) thrown at [./src/hotspot/share/prims/jni.cpp, line 1362]
Event: 5.534 Thread 0x00000174da222800 Exception <a 'java/lang/NoSuchMethodError'{0x000000008be01820}: <clinit>> (0x000000008be01820) thrown at [./src/hotspot/share/prims/jni.cpp, line 1362]
Event: 5.534 Thread 0x00000174da222800 Exception <a 'java/lang/NoSuchMethodError'{0x000000008be0b3c8}: <clinit>> (0x000000008be0b3c8) thrown at [./src/hotspot/share/prims/jni.cpp, line 1362]
Event: 5.534 Thread 0x00000174da222800 Exception <a 'java/lang/NoSuchMethodError'{0x000000008be15840}: <clinit>> (0x000000008be15840) thrown at [./src/hotspot/share/prims/jni.cpp, line 1362]
Event: 5.535 Thread 0x00000174da222800 Exception <a 'java/lang/NoSuchMethodError'{0x000000008be29310}: <clinit>> (0x000000008be29310) thrown at [./src/hotspot/share/prims/jni.cpp, line 1362]
Event: 5.550 Thread 0x00000174dac68000 Exception <a 'java/lang/ClassNotFoundException'{0x000000008be912c8}: build_3vqlc4odctiiqgnt2z59y1s9uBeanInfo> (0x000000008be912c8) thrown at [./src/hotspot/share/classfile/systemDictionary.cpp, line 231]
Event: 5.551 Thread 0x00000174dac68000 Exception <a 'java/lang/ClassNotFoundException'{0x000000008be9c1f0}: build_3vqlc4odctiiqgnt2z59y1s9uCustomizer> (0x000000008be9c1f0) thrown at [./src/hotspot/share/classfile/systemDictionary.cpp, line 231]
Event: 5.555 Thread 0x00000174dac68000 Exception <a 'java/lang/ClassNotFoundException'{0x000000008bd1c818}: org/gradle/plugin/use/internal/PluginRequestCollector$PluginDependenciesSpecImplBeanInfo> (0x000000008bd1c818) thrown at [./src/hotspot/share/classfile/systemDictionary.cpp, line 231]
Event: 5.555 Thread 0x00000174dac68000 Exception <a 'java/lang/ClassNotFoundException'{0x000000008bd4a6c8}: org/gradle/plugin/use/internal/PluginRequestCollector$PluginDependenciesSpecImplCustomizer> (0x000000008bd4a6c8) thrown at [./src/hotspot/share/classfile/systemDictionary.cpp, line 231]
Event: 5.586 Thread 0x00000174dac68000 Exception <a 'java/lang/ClassNotFoundException'{0x000000008ba18a90}: org/gradle/api/internal/plugins/DefaultObjectConfigurationActionBeanInfo> (0x000000008ba18a90) thrown at [./src/hotspot/share/classfile/systemDictionary.cpp, line 231]
Event: 5.587 Thread 0x00000174dac68000 Exception <a 'java/lang/ClassNotFoundException'{0x000000008ba4c168}: org/gradle/api/internal/plugins/DefaultObjectConfigurationActionCustomizer> (0x000000008ba4c168) thrown at [./src/hotspot/share/classfile/systemDictionary.cpp, line 231]
Event: 5.690 Thread 0x00000174dac68000 Exception <a 'java/lang/NoSuchMethodError'{0x000000008b020610}: 'java.lang.Object java.lang.invoke.DirectMethodHandle$Holder.invokeStatic(java.lang.Object, java.lang.Object, java.lang.Object, java.lang.Object, int)'> (0x000000008b020610) thrown at [./src/hotspot/share/interpreter/linkResolver.cpp, line 773]
Event: 5.691 Thread 0x00000174dac68000 Exception <a 'java/lang/NoSuchMethodError'{0x000000008b025008}: 'java.lang.Object java.lang.invoke.DirectMethodHandle$Holder.invokeSpecial(java.lang.Object, java.lang.Object, java.lang.Object, java.lang.Object, java.lang.Object, int)'> (0x000000008b025008) thrown at [./src/hotspot/share/interpreter/linkResolver.cpp, line 773]
Event: 5.691 Thread 0x00000174dac68000 Exception <a 'java/lang/NoSuchMethodError'{0x000000008b029648}: 'java.lang.Object java.lang.invoke.Invokers$Holder.linkToTargetMethod(java.lang.Object, java.lang.Object, java.lang.Object, int, java.lang.Object)'> (0x000000008b029648) thrown at [./src/hotspot/share/interpreter/linkResolver.cpp, line 773]
Event: 5.850 Thread 0x00000174dac68000 Exception <a 'java/lang/NoSuchMethodError'{0x000000008a2c0be8}: 'java.lang.Object java.lang.invoke.DirectMethodHandle$Holder.invokeSpecial(java.lang.Object, java.lang.Object, int, int, java.lang.Object, java.lang.Object, java.lang.Object)'> (0x000000008a2c0be8) thrown at [./src/hotspot/share/interpreter/linkResolver.cpp, line 773]
Event: 5.850 Thread 0x00000174dac68000 Exception <a 'java/lang/NoSuchMethodError'{0x000000008a2c5168}: 'java.lang.Object java.lang.invoke.DelegatingMethodHandle$Holder.reinvoke_L(java.lang.Object, int, int, java.lang.Object, java.lang.Object, java.lang.Object)'> (0x000000008a2c5168) thrown at [./src/hotspot/share/interpreter/linkResolver.cpp, line 773]
Event: 6.024 Thread 0x00000174dac68000 Exception <a 'java/lang/NoSuchMethodError'{0x0000000089648448}: 'int java.lang.invoke.DirectMethodHandle$Holder.invokeInterface(java.lang.Object, java.lang.Object, java.lang.Object, java.lang.Object)'> (0x0000000089648448) thrown at [./src/hotspot/share/interpreter/linkResolver.cpp, line 773]

Events (20 events):
Event: 6.075 loading class com/google/protobuf/AbstractMessageLite$Builder
Event: 6.075 loading class com/google/protobuf/AbstractMessageLite$Builder done
Event: 6.076 loading class com/google/wireless/android/sdk/stats/GradleBuildProfileSpan$ExecutionType
Event: 6.076 loading class com/google/wireless/android/sdk/stats/GradleBuildProfileSpan$ExecutionType done
Event: 6.077 loading class com/android/builder/profile/Recorder$VoidBlock
Event: 6.077 loading class com/android/builder/profile/Recorder$VoidBlock done
Event: 6.077 loading class com/google/wireless/android/sdk/stats/GradleBuildVariant$Builder
Event: 6.077 loading class com/google/wireless/android/sdk/stats/GradleBuildVariant$Builder done
Event: 6.079 loading class com/google/wireless/android/sdk/stats/GradleBuildVariantOrBuilder
Event: 6.079 loading class com/google/wireless/android/sdk/stats/GradleBuildVariantOrBuilder done
Event: 6.080 loading class com/android/build/gradle/internal/profile/AnalyticsResourceManager
Event: 6.080 loading class com/android/build/gradle/internal/profile/AnalyticsResourceManager done
Event: 6.082 loading class com/android/build/gradle/internal/profile/AnalyticsConfiguratorService$State
Event: 6.082 loading class com/android/build/gradle/internal/profile/AnalyticsConfiguratorService$State done
Event: 6.083 loading class com/google/wireless/android/sdk/stats/GradleBuildProfile
Event: 6.083 loading class com/google/wireless/android/sdk/stats/GradleBuildProfile done
Event: 6.084 loading class com/google/wireless/android/sdk/stats/GradleBuildProfileOrBuilder
Event: 6.084 loading class com/google/wireless/android/sdk/stats/GradleBuildProfileOrBuilder done
Event: 6.085 loading class com/google/protobuf/GeneratedMessageV3
Event: 6.085 loading class com/google/protobuf/GeneratedMessageV3 done


Dynamic libraries:
0x00007ff67bbe0000 - 0x00007ff67bbea000 	D:\Android Studio\jre\bin\java.exe
0x00007ffadad50000 - 0x00007ffadaf45000 	C:\WINDOWS\SYSTEM32\ntdll.dll
0x00007ffadac50000 - 0x00007ffadad0e000 	C:\WINDOWS\System32\KERNEL32.DLL
0x00007ffad8460000 - 0x00007ffad8728000 	C:\WINDOWS\System32\KERNELBASE.dll
0x00007ffad8b80000 - 0x00007ffad8c80000 	C:\WINDOWS\System32\ucrtbase.dll
0x00007ffaca0d0000 - 0x00007ffaca0e7000 	D:\Android Studio\jre\bin\VCRUNTIME140.dll
0x00007ffaca050000 - 0x00007ffaca069000 	D:\Android Studio\jre\bin\jli.dll
0x00007ffad9c40000 - 0x00007ffad9de1000 	C:\WINDOWS\System32\USER32.dll
0x00007ffad8810000 - 0x00007ffad8832000 	C:\WINDOWS\System32\win32u.dll
0x00007ffadaaf0000 - 0x00007ffadab1b000 	C:\WINDOWS\System32\GDI32.dll
0x00007ffad8c80000 - 0x00007ffad8d8d000 	C:\WINDOWS\System32\gdi32full.dll
0x00007ffad8ae0000 - 0x00007ffad8b7d000 	C:\WINDOWS\System32\msvcp_win.dll
0x00007ffac68b0000 - 0x00007ffac6b4a000 	C:\WINDOWS\WinSxS\amd64_microsoft.windows.common-controls_6595b64144ccf1df_6.0.19041.1110_none_60b5254171f9507e\COMCTL32.dll
0x00007ffad9670000 - 0x00007ffad970e000 	C:\WINDOWS\System32\msvcrt.dll
0x00007ffad9840000 - 0x00007ffad9870000 	C:\WINDOWS\System32\IMM32.DLL
0x00007ffaa3c80000 - 0x00007ffaa3d1d000 	D:\Android Studio\jre\bin\msvcp140.dll
0x00007ffa89960000 - 0x00007ffa8a42f000 	D:\Android Studio\jre\bin\server\jvm.dll
0x00007ffad9e60000 - 0x00007ffad9f0e000 	C:\WINDOWS\System32\ADVAPI32.dll
0x00007ffada5e0000 - 0x00007ffada67c000 	C:\WINDOWS\System32\sechost.dll
0x00007ffada8b0000 - 0x00007ffada9d5000 	C:\WINDOWS\System32\RPCRT4.dll
0x00007ffada150000 - 0x00007ffada158000 	C:\WINDOWS\System32\PSAPI.DLL
0x00007ffabc2d0000 - 0x00007ffabc2d9000 	C:\WINDOWS\SYSTEM32\WSOCK32.dll
0x00007ffac3520000 - 0x00007ffac3547000 	C:\WINDOWS\SYSTEM32\WINMM.dll
0x00007ffad0c50000 - 0x00007ffad0c5a000 	C:\WINDOWS\SYSTEM32\VERSION.dll
0x00007ffad9df0000 - 0x00007ffad9e5b000 	C:\WINDOWS\System32\ws2_32.DLL
0x00007ffad6ce0000 - 0x00007ffad6cf2000 	C:\WINDOWS\SYSTEM32\kernel.appcore.dll
0x00007ffad2e40000 - 0x00007ffad2e51000 	D:\Android Studio\jre\bin\verify.dll
0x00007ffad6250000 - 0x00007ffad6434000 	C:\WINDOWS\SYSTEM32\DBGHELP.DLL
0x00007ffabf870000 - 0x00007ffabf89c000 	C:\WINDOWS\SYSTEM32\dbgcore.DLL
0x00007ffad8a50000 - 0x00007ffad8ad2000 	C:\WINDOWS\System32\bcryptPrimitives.dll
0x00007ffaca950000 - 0x00007ffaca979000 	D:\Android Studio\jre\bin\java.dll
0x00007ffad2620000 - 0x00007ffad262b000 	D:\Android Studio\jre\bin\jimage.dll
0x00007ffaca930000 - 0x00007ffaca948000 	D:\Android Studio\jre\bin\zip.dll
0x00007ffad8e70000 - 0x00007ffad95b4000 	C:\WINDOWS\System32\SHELL32.dll
0x00007ffad6530000 - 0x00007ffad6cc5000 	C:\WINDOWS\SYSTEM32\windows.storage.dll
0x00007ffad9870000 - 0x00007ffad9bc5000 	C:\WINDOWS\System32\combase.dll
0x00007ffad7eb0000 - 0x00007ffad7ede000 	C:\WINDOWS\SYSTEM32\Wldp.dll
0x00007ffad95c0000 - 0x00007ffad966d000 	C:\WINDOWS\System32\SHCORE.dll
0x00007ffadaa70000 - 0x00007ffadaac5000 	C:\WINDOWS\System32\shlwapi.dll
0x00007ffad83a0000 - 0x00007ffad83bf000 	C:\WINDOWS\SYSTEM32\profapi.dll
0x00007ffaca800000 - 0x00007ffaca81a000 	D:\Android Studio\jre\bin\net.dll
0x00007ffac7b40000 - 0x00007ffac7c4c000 	C:\WINDOWS\SYSTEM32\WINHTTP.dll
0x00007ffad7c10000 - 0x00007ffad7c7a000 	C:\WINDOWS\system32\mswsock.dll
0x00007ffaca410000 - 0x00007ffaca424000 	D:\Android Studio\jre\bin\nio.dll
0x00007ffaba410000 - 0x00007ffaba437000 	C:\Users\www88\.gradle\native\8bec1ad78214c89d9ad589b4d07fe93259594b29d510b10fafb7a158f7737e5d\windows-amd64\native-platform.dll
0x00007ffa90280000 - 0x00007ffa903bd000 	C:\Users\www88\.gradle\native\53dbd7edfb1c66fb8903c78663c9afc45aea4f116125fa6feffd364cf09443e8\windows-amd64\native-platform-file-events.dll
0x00007ffad2610000 - 0x00007ffad261a000 	D:\Android Studio\jre\bin\management.dll
0x00007ffad0ba0000 - 0x00007ffad0bac000 	D:\Android Studio\jre\bin\management_ext.dll
0x00007ffad7e00000 - 0x00007ffad7e18000 	C:\WINDOWS\SYSTEM32\CRYPTSP.dll
0x00007ffad7520000 - 0x00007ffad7554000 	C:\WINDOWS\system32\rsaenh.dll
0x00007ffad87e0000 - 0x00007ffad8807000 	C:\WINDOWS\System32\bcrypt.dll
0x00007ffad8320000 - 0x00007ffad834e000 	C:\WINDOWS\SYSTEM32\USERENV.dll
0x00007ffad7e20000 - 0x00007ffad7e2c000 	C:\WINDOWS\SYSTEM32\CRYPTBASE.dll
0x00007ffad78b0000 - 0x00007ffad78eb000 	C:\WINDOWS\SYSTEM32\IPHLPAPI.DLL
0x00007ffad9c30000 - 0x00007ffad9c38000 	C:\WINDOWS\System32\NSI.dll
0x00007ffad1200000 - 0x00007ffad1217000 	C:\WINDOWS\SYSTEM32\dhcpcsvc6.DLL
0x00007ffad1240000 - 0x00007ffad125d000 	C:\WINDOWS\SYSTEM32\dhcpcsvc.DLL
0x00007ffad78f0000 - 0x00007ffad79bb000 	C:\WINDOWS\SYSTEM32\DNSAPI.dll

dbghelp: loaded successfully - version: 4.0.5 - missing functions: none
symbol engine: initialized successfully - sym options: 0x614 - pdb path: .;D:\Android Studio\jre\bin;C:\WINDOWS\SYSTEM32;C:\WINDOWS\WinSxS\amd64_microsoft.windows.common-controls_6595b64144ccf1df_6.0.19041.1110_none_60b5254171f9507e;D:\Android Studio\jre\bin\server;C:\Users\www88\.gradle\native\8bec1ad78214c89d9ad589b4d07fe93259594b29d510b10fafb7a158f7737e5d\windows-amd64;C:\Users\www88\.gradle\native\53dbd7edfb1c66fb8903c78663c9afc45aea4f116125fa6feffd364cf09443e8\windows-amd64

VM Arguments:
jvm_args: --add-opens=java.base/java.util=ALL-UNNAMED --add-opens=java.base/java.lang=ALL-UNNAMED --add-opens=java.base/java.lang.invoke=ALL-UNNAMED --add-opens=java.base/java.util=ALL-UNNAMED --add-opens=java.prefs/java.util.prefs=ALL-UNNAMED --add-opens=java.prefs/java.util.prefs=ALL-UNNAMED --add-opens=java.base/java.nio.charset=ALL-UNNAMED --add-opens=java.base/java.net=ALL-UNNAMED --add-opens=java.base/java.util.concurrent.atomic=ALL-UNNAMED -Xmx2048m -Dfile.encoding=UTF-8 -Duser.country=CN -Duser.language=zh -Duser.variant 
java_command: org.gradle.launcher.daemon.bootstrap.GradleDaemon 7.0.2
java_class_path (initial): C:\Users\www88\.gradle\wrapper\dists\gradle-7.0.2-bin\857tjihv64xamwrf0h14cai3r\gradle-7.0.2\lib\gradle-launcher-7.0.2.jar
Launcher Type: SUN_STANDARD

[Global flags]
     intx CICompilerCount                          = 12                                        {product} {ergonomic}
     uint ConcGCThreads                            = 3                                         {product} {ergonomic}
     uint G1ConcRefinementThreads                  = 13                                        {product} {ergonomic}
   size_t G1HeapRegionSize                         = 1048576                                   {product} {ergonomic}
    uintx GCDrainStackTargetSize                   = 64                                        {product} {ergonomic}
   size_t InitialHeapSize                          = 266338304                                 {product} {ergonomic}
   size_t MarkStackSize                            = 4194304                                   {product} {ergonomic}
   size_t MaxHeapSize                              = 2147483648                                {product} {command line}
   size_t MaxNewSize                               = 1287651328                                {product} {ergonomic}
   size_t MinHeapDeltaBytes                        = 1048576                                   {product} {ergonomic}
    uintx NonNMethodCodeHeapSize                   = 7594288                                {pd product} {ergonomic}
    uintx NonProfiledCodeHeapSize                  = 122031976                              {pd product} {ergonomic}
    uintx ProfiledCodeHeapSize                     = 122031976                              {pd product} {ergonomic}
    uintx ReservedCodeCacheSize                    = 251658240                              {pd product} {ergonomic}
     bool SegmentedCodeCache                       = true                                      {product} {ergonomic}
     bool UseCompressedClassPointers               = true                                 {lp64_product} {ergonomic}
     bool UseCompressedOops                        = true                                 {lp64_product} {ergonomic}
     bool UseG1GC                                  = true                                      {product} {ergonomic}
     bool UseLargePagesIndividualAllocation        = false                                  {pd product} {ergonomic}

Logging:
Log output configuration:
 #0: stdout all=warning uptime,level,tags
 #1: stderr all=off uptime,level,tags

Environment Variables:
JAVA_HOME=D:\Java\jdk-17.0.1
CLASSPATH=.;D:\Java\jdk-17.0.1\lib\dt.jar;D:\Java\jdk-17.0.1\lib\tools.jar
PATH=D:\Java\jdk-17.0.1\bin;D:\Java\jdk-17.0.1\jre\bin;D:\Android Studio\Flutter\flutter\bin;C:\Windows\System32;D:\Android Studio\Git\cmd;D:\Python\Scripts\;D:\Python\;C:\Users\www88\AppData\Local\Microsoft\WindowsApps;D:\MinGW\bin;D:\vivado\ModelSim\win32pe;D:\vivado\ModelSim1\win32pe;D:\MikTEX\miktex\bin\x64\;D:\VSCode\Microsoft VS Code\bin;D:\PyCharm\PyCharm Community Edition 2021.2.3\bin;;D:\IDEA_EDU\IntelliJ IDEA Educational Edition 2021.3.1\bin;;
USERNAME=www88
OS=Windows_NT
PROCESSOR_IDENTIFIER=Intel64 Family 6 Model 165 Stepping 2, GenuineIntel



---------------  S Y S T E M  ---------------

OS: Windows 10 , 64 bit Build 19041 (10.0.19041.1466)
OS uptime: 17 days 3:03 hours

CPU:total 16 (initial active 16) (8 cores per cpu, 2 threads per core) family 6 model 165 stepping 2 microcode 0xc8, cmov, cx8, fxsr, mmx, sse, sse2, sse3, ssse3, sse4.1, sse4.2, popcnt, avx, avx2, aes, clmul, erms, 3dnowpref, lzcnt, ht, tsc, tscinvbit, bmi1, bmi2, adx, fma

Memory: 4k page, system-wide physical 16250M (694M free)
TotalPageFile size 29050M (AvailPageFile size 2M)
current process WorkingSet (physical memory assigned to process): 344M, peak: 377M
current process commit charge ("private bytes"): 489M, peak: 520M

vm_info: OpenJDK 64-Bit Server VM (11.0.10+0-b96-7249189) for windows-amd64 JRE (11.0.10+0-b96-7249189), built on Mar 31 2021 21:44:00 by "builder" with MS VC++ 14.0 (VS2015)

END.
